1000.000	1583.782	-651.331	 8.604e-01	 1.351e-01	 6.625e-05	 3.915e-04	 2.197e-03	 1.807e-03	 5.163e-07	000000	 1.000e-30	 1.000e-30	 1.000e-30	 1.000e-30	 1.000e-30	 1.000e-30	 1.000e-30	2436.95	2.35284	21491.9	20702.6
990.000	1579.517	-649.035	 8.604e-01	 1.351e-01	 6.625e-05	 3.915e-04	 2.197e-03	 1.807e-03	 5.163e-07	000000	 1.000e-30	 1.000e-30	 1.000e-30	 1.000e-30	 1.000e-30	 1.000e-30	 0.000e+00	2436.51	2.35284	21335.3	20551
980.000	1575.217	-646.721	 8.604e-01	 1.351e-01	 6.625e-05	 3.915e-04	 2.197e-03	 1.807e-03	 5.163e-07	000000	 1.000e-30	 1.000e-30	 1.000e-30	 1.000e-30	 1.000e-30	 1.000e-30	 0.000e+00	2436.07	2.35284	21178.3	20398.9
970.000	1570.882	-644.389	 8.604e-01	 1.351e-01	 6.625e-05	 3.915e-04	 2.197e-03	 1.807e-03	 5.163e-07	000000	 1.000e-30	 1.000e-30	 1.000e-30	 1.000e-30	 1.000e-30	 1.000e-30	 0.000e+00	2435.63	2.35284	21021	20246.5
960.000	1566.511	-642.040	 8.604e-01	 1.351e-01	 6.625e-05	 3.915e-04	 2.197e-03	 1.807e-03	 5.163e-07	000000	 1.000e-30	 1.000e-30	 1.000e-30	 1.000e-30	 1.000e-30	 1.000e-30	 0.000e+00	2435.18	2.35284	20863.2	20093.6
950.000	1562.105	-639.672	 8.604e-01	 1.351e-01	 6.625e-05	 3.915e-04	 2.197e-03	 1.807e-03	 5.163e-07	000000	 1.000e-30	 1.000e-30	 1.000e-30	 1.000e-30	 1.000e-30	 1.000e-30	 0.000e+00	2434.73	2.35284	20705	19940.4
940.000	1557.662	-637.285	 8.604e-01	 1.351e-01	 6.625e-05	 3.915e-04	 2.197e-03	 1.807e-03	 5.163e-07	000000	 1.000e-30	 1.000e-30	 1.000e-30	 1.000e-30	 1.000e-30	 1.000e-30	 0.000e+00	2434.28	2.35284	20546.4	19786.8
930.000	1553.181	-634.880	 8.604e-01	 1.351e-01	 6.625e-05	 3.915e-04	 2.197e-03	 1.807e-03	 5.163e-07	000000	 1.000e-30	 1.000e-30	 1.000e-30	 1.000e-30	 1.000e-30	 1.000e-30	 0.000e+00	2433.82	2.35284	20387.4	19632.8
920.000	1548.663	-632.455	 8.604e-01	 1.351e-01	 6.625e-05	 3.915e-04	 2.197e-03	 1.807e-03	 5.163e-07	000000	 1.000e-30	 1.000e-30	 1.000e-30	 1.000e-30	 1.000e-30	 1.000e-30	 0.000e+00	2433.36	2.35284	20227.9	19478.3
910.000	1544.105	-630.010	 8.604e-01	 1.351e-01	 6.625e-05	 3.915e-04	 2.197e-03	 1.807e-03	 5.163e-07	000000	 1.000e-30	 1.000e-30	 1.000e-30	 1.000e-30	 1.000e-30	 1.000e-30	 0.000e+00	2432.89	2.35284	20068	19323.5
900.000	1539.507	-627.546	 8.604e-01	 1.351e-01	 6.625e-05	 3.915e-04	 2.197e-03	 1.807e-03	 5.163e-07	000000	 1.000e-30	 1.000e-30	 1.000e-30	 1.000e-30	 1.000e-30	 1.000e-30	 0.000e+00	2432.42	2.35284	19907.7	19168.2
890.000	1534.870	-625.061	 8.604e-01	 1.351e-01	 6.625e-05	 3.915e-04	 2.197e-03	 1.807e-03	 5.163e-07	000000	 1.000e-30	 1.000e-30	 1.000e-30	 1.000e-30	 1.000e-30	 1.000e-30	 0.000e+00	2431.95	2.35284	19746.9	19012.5
880.000	1530.191	-622.555	 8.604e-01	 1.351e-01	 6.625e-05	 3.915e-04	 2.197e-03	 1.807e-03	 5.163e-07	000000	 1.000e-30	 1.000e-30	 1.000e-30	 1.000e-30	 1.000e-30	 1.000e-30	 0.000e+00	2431.48	2.35284	19585.7	18856.4
870.000	1525.469	-620.028	 8.604e-01	 1.351e-01	 6.625e-05	 3.915e-04	 2.197e-03	 1.807e-03	 5.163e-07	000000	 1.000e-30	 1.000e-30	 1.000e-30	 1.000e-30	 1.000e-30	 1.000e-30	 0.000e+00	2431	2.35284	19424	18699.8
860.000	1520.705	-617.479	 8.604e-01	 1.351e-01	 6.625e-05	 3.915e-04	 2.197e-03	 1.807e-03	 5.163e-07	000000	 1.000e-30	 1.000e-30	 1.000e-30	 1.000e-30	 1.000e-30	 1.000e-30	 0.000e+00	2430.52	2.35284	19261.9	18542.8
850.000	1515.897	-614.908	 8.604e-01	 1.351e-01	 6.625e-05	 3.915e-04	 2.197e-03	 1.807e-03	 5.163e-07	000000	 1.000e-30	 1.000e-30	 1.000e-30	 1.000e-30	 1.000e-30	 1.000e-30	 0.000e+00	2430.03	2.35284	19099.3	18385.3
840.000	1511.045	-612.314	 8.604e-01	 1.351e-01	 6.625e-05	 3.915e-04	 2.197e-03	 1.807e-03	 5.163e-07	000000	 1.000e-30	 1.000e-30	 1.000e-30	 1.000e-30	 1.000e-30	 1.000e-30	 0.000e+00	2429.54	2.35284	18936.1	18227.3
830.000	1506.146	-609.698	 8.604e-01	 1.351e-01	 6.625e-05	 3.915e-04	 2.197e-03	 1.807e-03	 5.163e-07	000000	 1.000e-30	 1.000e-30	 1.000e-30	 1.000e-30	 1.000e-30	 1.000e-30	 0.000e+00	2429.05	2.35284	18772.5	18068.9
820.000	1501.201	-607.058	 8.604e-01	 1.351e-01	 6.625e-05	 3.915e-04	 2.197e-03	 1.807e-03	 5.163e-07	000000	 1.000e-30	 1.000e-30	 1.000e-30	 1.000e-30	 1.000e-30	 1.000e-30	 0.000e+00	2428.55	2.35284	18608.4	17910
810.000	1496.208	-604.394	 8.604e-01	 1.351e-01	 6.625e-05	 3.915e-04	 2.197e-03	 1.807e-03	 5.163e-07	000000	 1.000e-30	 1.000e-30	 1.000e-30	 1.000e-30	 1.000e-30	 1.000e-30	 0.000e+00	2428.05	2.35284	18443.8	17750.6
800.000	1491.167	-601.706	 8.604e-01	 1.351e-01	 6.625e-05	 3.915e-04	 2.197e-03	 1.807e-03	 5.163e-07	000000	 1.000e-30	 1.000e-30	 1.000e-30	 1.000e-30	 1.000e-30	 1.000e-30	 0.000e+00	2427.54	2.35284	18278.7	17590.8
790.000	1486.075	-598.993	 8.604e-01	 1.351e-01	 6.625e-05	 3.915e-04	 2.197e-03	 1.807e-03	 5.163e-07	000000	 1.000e-30	 1.000e-30	 1.000e-30	 1.000e-30	 1.000e-30	 1.000e-30	 0.000e+00	2427.03	2.35284	18113.1	17430.4
780.000	1480.933	-596.254	 8.604e-01	 1.351e-01	 6.625e-05	 3.915e-04	 2.197e-03	 1.807e-03	 5.163e-07	000000	 1.000e-30	 1.000e-30	 1.000e-30	 1.000e-30	 1.000e-30	 1.000e-30	 0.000e+00	2426.51	2.35284	17946.9	17269.5
770.000	1475.739	-593.489	 8.604e-01	 1.351e-01	 6.625e-05	 3.915e-04	 2.197e-03	 1.807e-03	 5.163e-07	000000	 1.000e-30	 1.000e-30	 1.000e-30	 1.000e-30	 1.000e-30	 1.000e-30	 0.000e+00	2425.99	2.35284	17780.2	17108.1
760.000	1470.491	-590.697	 8.604e-01	 1.351e-01	 6.625e-05	 3.915e-04	 2.197e-03	 1.807e-03	 5.163e-07	000000	 1.000e-30	 1.000e-30	 1.000e-30	 1.000e-30	 1.000e-30	 1.000e-30	 0.000e+00	2425.47	2.35284	17613	16946.2
750.000	1465.189	-587.878	 8.604e-01	 1.351e-01	 6.625e-05	 3.915e-04	 2.197e-03	 1.807e-03	 5.163e-07	000000	 1.000e-30	 1.000e-30	 1.000e-30	 1.000e-30	 1.000e-30	 1.000e-30	 0.000e+00	2424.94	2.35284	17445.1	16783.7
740.000	1459.831	-585.031	 8.604e-01	 1.351e-01	 6.625e-05	 3.915e-04	 2.197e-03	 1.807e-03	 5.163e-07	000000	 1.000e-30	 1.000e-30	 1.000e-30	 1.000e-30	 1.000e-30	 1.000e-30	 0.000e+00	2424.41	2.35284	17276.8	16620.7
730.000	1454.416	-582.156	 8.604e-01	 1.351e-01	 6.625e-05	 3.915e-04	 2.197e-03	 1.807e-03	 5.163e-07	000000	 1.000e-30	 1.000e-30	 1.000e-30	 1.000e-30	 1.000e-30	 1.000e-30	 0.000e+00	2423.87	2.35284	17107.8	16457.2
720.000	1448.942	-579.251	 8.604e-01	 1.351e-01	 6.625e-05	 3.915e-04	 2.197e-03	 1.807e-03	 5.163e-07	000000	 1.000e-30	 1.000e-30	 1.000e-30	 1.000e-30	 1.000e-30	 1.000e-30	 0.000e+00	2423.32	2.35284	16938.3	16293.1
710.000	1443.408	-576.317	 8.604e-01	 1.351e-01	 6.625e-05	 3.915e-04	 2.197e-03	 1.807e-03	 5.163e-07	000000	 1.000e-30	 1.000e-30	 1.000e-30	 1.000e-30	 1.000e-30	 1.000e-30	 0.000e+00	2422.77	2.35284	16768.1	16128.4
700.000	1437.813	-573.351	 8.604e-01	 1.351e-01	 6.625e-05	 3.915e-04	 2.197e-03	 1.807e-03	 5.163e-07	000000	 1.000e-30	 1.000e-30	 1.000e-30	 1.000e-30	 1.000e-30	 1.000e-30	 0.000e+00	2422.22	2.35284	16597.4	15963.1
690.000	1432.155	-570.355	 8.604e-01	 1.351e-01	 6.625e-05	 3.915e-04	 2.197e-03	 1.807e-03	 5.163e-07	000000	 1.000e-30	 1.000e-30	 1.000e-30	 1.000e-30	 1.000e-30	 1.000e-30	 0.000e+00	2421.66	2.35284	16426	15797.2
680.000	1426.432	-567.326	 8.604e-01	 1.351e-01	 6.625e-05	 3.915e-04	 2.197e-03	 1.807e-03	 5.163e-07	000000	 1.000e-30	 1.000e-30	 1.000e-30	 1.000e-30	 1.000e-30	 1.000e-30	 0.000e+00	2421.1	2.35284	16254	15630.7
670.000	1420.643	-564.264	 8.604e-01	 1.351e-01	 6.625e-05	 3.915e-04	 2.197e-03	 1.807e-03	 5.163e-07	000000	 1.000e-30	 1.000e-30	 1.000e-30	 1.000e-30	 1.000e-30	 1.000e-30	 0.000e+00	2420.53	2.35284	16081.3	15463.6
660.000	1414.786	-561.169	 8.604e-01	 1.351e-01	 6.625e-05	 3.915e-04	 2.197e-03	 1.807e-03	 5.163e-07	000000	 1.000e-30	 1.000e-30	 1.000e-30	 1.000e-30	 1.000e-30	 1.000e-30	 0.000e+00	2419.95	2.35284	15908	15295.9
650.000	1408.858	-558.039	 8.604e-01	 1.351e-01	 6.625e-05	 3.915e-04	 2.197e-03	 1.807e-03	 5.163e-07	000000	 1.000e-30	 1.000e-30	 1.000e-30	 1.000e-30	 1.000e-30	 1.000e-30	 0.000e+00	2419.37	2.35284	15734	15127.5
640.000	1402.859	-554.873	 8.604e-01	 1.351e-01	 6.625e-05	 3.915e-04	 2.197e-03	 1.807e-03	 5.163e-07	000000	 1.000e-30	 1.000e-30	 1.000e-30	 1.000e-30	 1.000e-30	 1.000e-30	 0.000e+00	2418.78	2.35284	15559.3	14958.5
630.000	1396.786	-551.671	 8.604e-01	 1.351e-01	 6.625e-05	 3.915e-04	 2.197e-03	 1.807e-03	 5.163e-07	000000	 1.000e-30	 1.000e-30	 1.000e-30	 1.000e-30	 1.000e-30	 1.000e-30	 0.000e+00	2418.18	2.35284	15384	14788.8
620.000	1390.637	-548.431	 8.604e-01	 1.351e-01	 6.625e-05	 3.915e-04	 2.197e-03	 1.807e-03	 5.163e-07	000000	 1.000e-30	 1.000e-30	 1.000e-30	 1.000e-30	 1.000e-30	 1.000e-30	 0.000e+00	2417.58	2.35284	15207.9	14618.4
610.000	1384.410	-545.152	 8.604e-01	 1.351e-01	 6.625e-05	 3.915e-04	 2.197e-03	 1.807e-03	 5.163e-07	000000	 1.000e-30	 1.000e-30	 1.000e-30	 1.000e-30	 1.000e-30	 1.000e-30	 0.000e+00	2416.98	2.35284	15031.1	14447.3
600.000	1378.103	-541.834	 8.604e-01	 1.351e-01	 6.625e-05	 3.915e-04	 2.197e-03	 1.807e-03	 5.163e-07	000000	 1.000e-30	 1.000e-30	 1.000e-30	 1.000e-30	 1.000e-30	 1.000e-30	 0.000e+00	2416.36	2.35284	14853.5	14275.5
590.000	1371.713	-538.475	 8.604e-01	 1.351e-01	 6.625e-05	 3.915e-04	 2.197e-03	 1.807e-03	 5.163e-07	000000	 1.000e-30	 1.000e-30	 1.000e-30	 1.000e-30	 1.000e-30	 1.000e-30	 0.000e+00	2415.74	2.35284	14675.2	14102.9
580.000	1365.238	-535.074	 8.604e-01	 1.351e-01	 6.625e-05	 3.915e-04	 2.197e-03	 1.807e-03	 5.163e-07	000000	 1.000e-30	 1.000e-30	 1.000e-30	 1.000e-30	 1.000e-30	 1.000e-30	 0.000e+00	2415.11	2.35284	14496.1	13929.7
570.000	1358.675	-531.630	 8.604e-01	 1.351e-01	 6.625e-05	 3.915e-04	 2.197e-03	 1.807e-03	 5.163e-07	000000	 1.000e-30	 1.000e-30	 1.000e-30	 1.000e-30	 1.000e-30	 1.000e-30	 0.000e+00	2414.48	2.35284	14316.2	13755.6
560.000	1352.021	-528.141	 8.604e-01	 1.351e-01	 6.625e-05	 3.915e-04	 2.197e-03	 1.807e-03	 5.163e-07	000000	 1.000e-30	 1.000e-30	 1.000e-30	 1.000e-30	 1.000e-30	 1.000e-30	 0.000e+00	2413.84	2.35284	14135.5	13580.8
550.000	1345.274	-524.607	 8.604e-01	 1.351e-01	 6.625e-05	 3.915e-04	 2.197e-03	 1.807e-03	 5.163e-07	000000	 1.000e-30	 1.000e-30	 1.000e-30	 1.000e-30	 1.000e-30	 1.000e-30	 0.000e+00	2413.19	2.35284	13954	13405.2
540.000	1338.431	-521.025	 8.604e-01	 1.351e-01	 6.625e-05	 3.915e-04	 2.197e-03	 1.807e-03	 5.163e-07	000000	 1.000e-30	 1.000e-30	 1.000e-30	 1.000e-30	 1.000e-30	 1.000e-30	 0.000e+00	2412.53	2.35284	13771.6	13228.8
530.000	1331.488	-517.395	 8.604e-01	 1.351e-01	 6.625e-05	 3.915e-04	 2.197e-03	 1.807e-03	 5.163e-07	000000	 1.000e-30	 1.000e-30	 1.000e-30	 1.000e-30	 1.000e-30	 1.000e-30	 0.000e+00	2411.86	2.35284	13588.3	13051.5
520.000	1324.442	-513.714	 8.604e-01	 1.351e-01	 6.625e-05	 3.915e-04	 2.197e-03	 1.807e-03	 5.163e-07	000000	 1.000e-30	 1.000e-30	 1.000e-30	 1.000e-30	 1.000e-30	 1.000e-30	 0.000e+00	2411.19	2.35284	13404.1	12873.3
510.000	1317.290	-509.981	 8.604e-01	 1.351e-01	 6.625e-05	 3.915e-04	 2.197e-03	 1.807e-03	 5.163e-07	000000	 1.000e-30	 1.000e-30	 1.000e-30	 1.000e-30	 1.000e-30	 1.000e-30	 0.000e+00	2410.5	2.35284	13219	12694.3
500.000	1310.027	-506.195	 8.604e-01	 1.351e-01	 6.625e-05	 3.915e-04	 2.197e-03	 1.807e-03	 5.163e-07	000000	 1.000e-30	 1.000e-30	 1.000e-30	 1.000e-30	 1.000e-30	 1.000e-30	 0.000e+00	2409.81	2.35284	13033	12514.4
490.000	1302.651	-502.353	 8.604e-01	 1.351e-01	 6.625e-05	 3.915e-04	 2.197e-03	 1.807e-03	 5.163e-07	000000	 1.000e-30	 1.000e-30	 1.000e-30	 1.000e-30	 1.000e-30	 1.000e-30	 0.000e+00	2409.11	2.35284	12846	12333.6
480.000	1295.157	-498.453	 8.604e-01	 1.351e-01	 6.625e-05	 3.915e-04	 2.197e-03	 1.807e-03	 5.163e-07	000000	 1.000e-30	 1.000e-30	 1.000e-30	 1.000e-30	 1.000e-30	 1.000e-30	 0.000e+00	2408.4	2.35284	12658	12151.8
470.000	1287.540	-494.494	 8.604e-01	 1.351e-01	 6.625e-05	 3.915e-04	 2.197e-03	 1.807e-03	 5.163e-07	000000	 1.000e-30	 1.000e-30	 1.000e-30	 1.000e-30	 1.000e-30	 1.000e-30	 0.000e+00	2407.68	2.35284	12469	11969
460.000	1279.796	-490.473	 8.604e-01	 1.351e-01	 6.625e-05	 3.915e-04	 2.197e-03	 1.807e-03	 5.163e-07	000000	 1.000e-30	 1.000e-30	 1.000e-30	 1.000e-30	 1.000e-30	 1.000e-30	 0.000e+00	2406.95	2.35284	12278.9	11785.2
450.000	1271.919	-486.389	 8.604e-01	 1.351e-01	 6.625e-05	 3.915e-04	 2.197e-03	 1.807e-03	 5.163e-07	000000	 1.000e-30	 1.000e-30	 1.000e-30	 1.000e-30	 1.000e-30	 1.000e-30	 0.000e+00	2406.2	2.35284	12087.8	11600.4
440.000	1263.906	-482.238	 8.604e-01	 1.351e-01	 6.625e-05	 3.915e-04	 2.197e-03	 1.807e-03	 5.163e-07	000000	 1.000e-30	 1.000e-30	 1.000e-30	 1.000e-30	 1.000e-30	 1.000e-30	 0.000e+00	2405.45	2.35284	11895.6	11414.6
430.000	1255.750	-478.018	 8.604e-01	 1.351e-01	 6.625e-05	 3.915e-04	 2.197e-03	 1.807e-03	 5.163e-07	000000	 1.000e-30	 1.000e-30	 1.000e-30	 1.000e-30	 1.000e-30	 1.000e-30	 0.000e+00	2404.69	2.35284	11702.2	11227.6
420.000	1247.446	-473.726	 8.604e-01	 1.351e-01	 6.625e-05	 3.915e-04	 2.197e-03	 1.807e-03	 5.163e-07	000000	 1.000e-30	 1.000e-30	 1.000e-30	 1.000e-30	 1.000e-30	 1.000e-30	 0.000e+00	2403.91	2.35284	11507.6	11039.5
410.000	1238.986	-469.360	 8.604e-01	 1.351e-01	 6.625e-05	 3.915e-04	 2.197e-03	 1.807e-03	 5.163e-07	000000	 1.000e-30	 1.000e-30	 1.000e-30	 1.000e-30	 1.000e-30	 1.000e-30	 0.000e+00	2403.12	2.35284	11311.8	10850.2
400.000	1230.365	-464.917	 8.604e-01	 1.351e-01	 6.625e-05	 3.915e-04	 2.197e-03	 1.807e-03	 5.163e-07	000000	 1.000e-30	 1.000e-30	 1.000e-30	 1.000e-30	 1.000e-30	 1.000e-30	 0.000e+00	2402.32	2.35284	11114.7	10659.8
390.000	1221.575	-460.392	 8.604e-01	 1.351e-01	 6.625e-05	 3.915e-04	 2.197e-03	 1.807e-03	 5.163e-07	000000	 1.000e-30	 1.000e-30	 1.000e-30	 1.000e-30	 1.000e-30	 1.000e-30	 0.000e+00	2401.51	2.35284	10916.4	10468
380.000	1212.609	-455.783	 8.604e-01	 1.351e-01	 6.625e-05	 3.915e-04	 2.197e-03	 1.807e-03	 5.163e-07	000000	 1.000e-30	 1.000e-30	 1.000e-30	 1.000e-30	 1.000e-30	 1.000e-30	 0.000e+00	2400.68	2.35284	10716.7	10275
370.000	1203.458	-451.086	 8.604e-01	 1.351e-01	 6.625e-05	 3.915e-04	 2.197e-03	 1.807e-03	 5.163e-07	000000	 1.000e-30	 1.000e-30	 1.000e-30	 1.000e-30	 1.000e-30	 1.000e-30	 0.000e+00	2399.84	2.35284	10515.6	10080.7
360.000	1194.114	-446.297	 8.604e-01	 1.351e-01	 6.625e-05	 3.915e-04	 2.197e-03	 1.807e-03	 5.163e-07	000000	 1.000e-30	 1.000e-30	 1.000e-30	 1.000e-30	 1.000e-30	 1.000e-30	 0.000e+00	2398.98	2.35284	10313.1	9885.03
350.000	1184.566	-441.411	 8.604e-01	 1.351e-01	 6.625e-05	 3.915e-04	 2.197e-03	 1.807e-03	 5.163e-07	000000	 1.000e-30	 1.000e-30	 1.000e-30	 1.000e-30	 1.000e-30	 1.000e-30	 0.000e+00	2398.11	2.35284	10109	9687.9
340.000	1174.806	-436.423	 8.604e-01	 1.351e-01	 6.625e-05	 3.915e-04	 2.197e-03	 1.807e-03	 5.163e-07	000000	 1.000e-30	 1.000e-30	 1.000e-30	 1.000e-30	 1.000e-30	 1.000e-30	 0.000e+00	2397.22	2.35284	9903.48	9489.29
330.000	1164.820	-431.330	 8.604e-01	 1.351e-01	 6.625e-05	 3.915e-04	 2.197e-03	 1.807e-03	 5.163e-07	000000	 1.000e-30	 1.000e-30	 1.000e-30	 1.000e-30	 1.000e-30	 1.000e-30	 0.000e+00	2396.31	2.35284	9696.3	9289.15
320.000	1154.599	-426.125	 8.604e-01	 1.351e-01	 6.625e-05	 3.915e-04	 2.197e-03	 1.807e-03	 5.163e-07	000000	 1.000e-30	 1.000e-30	 1.000e-30	 1.000e-30	 1.000e-30	 1.000e-30	 0.000e+00	2395.39	2.35284	9487.45	9087.41
310.000	1144.127	-420.802	 8.604e-01	 1.351e-01	 6.625e-05	 3.915e-04	 2.197e-03	 1.807e-03	 5.163e-07	000000	 1.000e-30	 1.000e-30	 1.000e-30	 1.000e-30	 1.000e-30	 1.000e-30	 0.000e+00	2394.44	2.35284	9276.86	8884
300.000	1133.392	-415.355	 8.604e-01	 1.351e-01	 6.625e-05	 3.915e-04	 2.197e-03	 1.807e-03	 5.163e-07	000000	 1.000e-30	 1.000e-30	 1.000e-30	 1.000e-30	 1.000e-30	 1.000e-30	 0.000e+00	2393.48	2.35284	9064.44	8678.85
290.000	1122.377	-409.777	 8.604e-01	 1.351e-01	 6.625e-05	 3.915e-04	 2.197e-03	 1.807e-03	 5.163e-07	000000	 1.000e-30	 1.000e-30	 1.000e-30	 1.000e-30	 1.000e-30	 1.000e-30	 0.000e+00	2392.5	2.35284	8850.13	8471.89
280.000	1111.065	-404.061	 8.604e-01	 1.351e-01	 6.625e-05	 3.915e-04	 2.197e-03	 1.807e-03	 5.163e-07	000000	 1.000e-30	 1.000e-30	 1.000e-30	 1.000e-30	 1.000e-30	 1.000e-30	 0.000e+00	2391.49	2.35284	8633.84	8263.04
270.000	1099.437	-398.198	 8.604e-01	 1.351e-01	 6.625e-05	 3.915e-04	 2.197e-03	 1.807e-03	 5.163e-07	000000	 1.000e-30	 1.000e-30	 1.000e-30	 1.000e-30	 1.000e-30	 1.000e-30	 0.000e+00	2390.46	2.35284	8415.46	8052.2
260.000	1087.473	-392.178	 8.604e-01	 1.351e-01	 6.625e-05	 3.915e-04	 2.197e-03	 1.807e-03	 5.163e-07	000000	 1.000e-30	 1.000e-30	 1.000e-30	 1.000e-30	 1.000e-30	 1.000e-30	 0.000e+00	2389.41	2.35284	8194.91	7839.27
250.000	1075.149	-385.992	 8.604e-01	 1.351e-01	 6.625e-05	 3.915e-04	 2.197e-03	 1.807e-03	 5.163e-07	000000	 1.000e-30	 1.000e-30	 1.000e-30	 1.000e-30	 1.000e-30	 1.000e-30	 0.000e+00	2388.32	2.35284	7972.06	7624.17
240.000	1062.440	-379.629	 8.604e-01	 1.351e-01	 6.625e-05	 3.915e-04	 2.197e-03	 1.807e-03	 5.163e-07	000000	 1.000e-30	 1.000e-30	 1.000e-30	 1.000e-30	 1.000e-30	 1.000e-30	 0.000e+00	2387.22	2.35284	7746.79	7406.75
230.000	1049.317	-373.076	 8.604e-01	 1.351e-01	 6.625e-05	 3.915e-04	 2.197e-03	 1.807e-03	 5.163e-07	000000	 1.000e-30	 1.000e-30	 1.000e-30	 1.000e-30	 1.000e-30	 1.000e-30	 0.000e+00	2386.08	2.35284	7518.98	7186.91
220.000	1035.748	-366.320	 8.604e-01	 1.351e-01	 6.625e-05	 3.915e-04	 2.197e-03	 1.807e-03	 5.163e-07	000000	 1.000e-30	 1.000e-30	 1.000e-30	 1.000e-30	 1.000e-30	 1.000e-30	 0.000e+00	2384.91	2.35284	7288.48	6964.5
210.000	1021.695	-359.344	 8.604e-01	 1.351e-01	 6.625e-05	 3.915e-04	 2.197e-03	 1.807e-03	 5.163e-07	000000	 1.000e-30	 1.000e-30	 1.000e-30	 1.000e-30	 1.000e-30	 1.000e-30	 0.000e+00	2383.7	2.35284	7055.12	6739.36
200.000	1007.119	-352.132	 8.604e-01	 1.351e-01	 6.625e-05	 3.915e-04	 2.197e-03	 1.807e-03	 5.163e-07	000000	 1.000e-30	 1.000e-30	 1.000e-30	 1.000e-30	 1.000e-30	 1.000e-30	 0.000e+00	2382.46	2.35284	6818.73	6511.34
190.000	991.972	-344.663	 8.604e-01	 1.351e-01	 6.625e-05	 3.915e-04	 2.197e-03	 1.807e-03	 5.163e-07	000000	 1.000e-30	 1.000e-30	 1.000e-30	 1.000e-30	 1.000e-30	 1.000e-30	 0.000e+00	2381.18	2.35284	6579.1	6280.22
180.000	976.200	-336.915	 8.604e-01	 1.351e-01	 6.625e-05	 3.915e-04	 2.197e-03	 1.807e-03	 5.163e-07	000000	 1.000e-30	 1.000e-30	 1.000e-30	 1.000e-30	 1.000e-30	 1.000e-30	 0.000e+00	2379.85	2.35284	6336.01	6045.81
170.000	959.740	-328.862	 8.604e-01	 1.351e-01	 6.625e-05	 3.915e-04	 2.197e-03	 1.807e-03	 5.163e-07	000000	 1.000e-30	 1.000e-30	 1.000e-30	 1.000e-30	 1.000e-30	 1.000e-30	 0.000e+00	2378.48	2.35284	6089.2	5807.87
160.000	942.518	-320.474	 8.604e-01	 1.351e-01	 6.625e-05	 3.915e-04	 2.197e-03	 1.807e-03	 5.163e-07	000000	 1.000e-30	 1.000e-30	 1.000e-30	 1.000e-30	 1.000e-30	 1.000e-30	 0.000e+00	2377.05	2.35284	5838.4	5566.11
150.000	924.448	-311.717	 8.604e-01	 1.351e-01	 6.625e-05	 3.915e-04	 2.197e-03	 1.807e-03	 5.163e-07	000000	 1.000e-30	 1.000e-30	 1.000e-30	 1.000e-30	 1.000e-30	 1.000e-30	 0.000e+00	2375.57	2.35284	5583.26	5320.22
140.000	905.427	-302.549	 8.604e-01	 1.351e-01	 6.625e-05	 3.915e-04	 2.197e-03	 1.807e-03	 5.163e-07	000000	 1.000e-30	 1.000e-30	 1.000e-30	 1.000e-30	 1.000e-30	 1.000e-30	 0.000e+00	2374.03	2.35284	5323.41	5069.86
130.000	885.330	-292.923	 8.604e-01	 1.351e-01	 6.625e-05	 3.915e-04	 2.197e-03	 1.807e-03	 5.163e-07	000000	 1.000e-30	 1.000e-30	 1.000e-30	 1.000e-30	 1.000e-30	 1.000e-30	 0.000e+00	2372.41	2.35284	5058.41	4814.59
120.000	864.004	-282.779	 8.604e-01	 1.351e-01	 6.625e-05	 3.915e-04	 2.197e-03	 1.807e-03	 5.163e-07	000000	 1.000e-30	 1.000e-30	 1.000e-30	 1.000e-30	 1.000e-30	 1.000e-30	 0.000e+00	2370.72	2.35284	4787.74	4553.93
110.000	841.260	-272.047	 8.604e-01	 1.351e-01	 6.625e-05	 3.915e-04	 2.197e-03	 1.807e-03	 5.163e-07	000000	 1.000e-30	 1.000e-30	 1.000e-30	 1.000e-30	 1.000e-30	 1.000e-30	 0.000e+00	2368.93	2.35284	4510.79	4287.3
100.000	816.856	-260.638	 8.604e-01	 1.351e-01	 6.625e-05	 3.915e-04	 2.197e-03	 1.807e-03	 5.163e-07	000000	 1.000e-30	 1.000e-30	 1.000e-30	 1.000e-30	 1.000e-30	 1.000e-30	 0.000e+00	2367.04	2.35284	4226.81	4013.98
 90.000	790.478	-248.444	 8.604e-01	 1.351e-01	 6.625e-05	 3.915e-04	 2.197e-03	 1.807e-03	 5.163e-07	000000	 1.000e-30	 1.000e-30	 1.000e-30	 1.000e-30	 1.000e-30	 1.000e-30	 0.000e+00	2365.03	2.35284	3934.9	3733.14
 80.000	761.707	-235.320	 8.604e-01	 1.351e-01	 6.625e-05	 3.915e-04	 2.197e-03	 1.807e-03	 5.163e-07	000000	 1.000e-30	 1.000e-30	 1.000e-30	 1.000e-30	 1.000e-30	 1.000e-30	 0.000e+00	2362.88	2.35284	3633.94	3443.68
 70.000	729.961	-221.081	 8.604e-01	 1.351e-01	 6.625e-05	 3.915e-04	 2.197e-03	 1.807e-03	 5.163e-07	000000	 1.000e-30	 1.000e-30	 1.000e-30	 1.000e-30	 1.000e-30	 1.000e-30	 0.000e+00	2360.56	2.35284	3322.49	3144.27
 60.000	694.399	-205.470	 8.604e-01	 1.351e-01	 6.625e-05	 3.915e-04	 2.197e-03	 1.807e-03	 5.163e-07	000000	 1.000e-30	 1.000e-30	 1.000e-30	 1.000e-30	 1.000e-30	 1.000e-30	 0.000e+00	2358.02	2.35284	2998.69	2833.11
 50.000	653.724	-188.126	 8.604e-01	 1.351e-01	 6.625e-05	 3.915e-04	 2.197e-03	 1.807e-03	 5.163e-07	000000	 1.000e-30	 1.000e-30	 1.000e-30	 1.000e-30	 1.000e-30	 1.000e-30	 0.000e+00	2355.21	2.35284	2660.04	2507.82
 40.000	605.762	-168.510	 8.604e-01	 1.351e-01	 6.625e-05	 3.915e-04	 2.197e-03	 1.807e-03	 5.163e-07	000000	 1.000e-30	 1.000e-30	 1.000e-30	 1.000e-30	 1.000e-30	 1.000e-30	 0.000e+00	2352.04	2.35284	2303.11	2165.1
 30.000	546.389	-145.757	 8.604e-01	 1.351e-01	 6.625e-05	 3.915e-04	 2.197e-03	 1.807e-03	 5.163e-07	000000	 1.000e-30	 1.000e-30	 1.000e-30	 1.000e-30	 1.000e-30	 1.000e-30	 0.000e+00	2348.34	2.35284	1923.15	1800.28
 20.000	465.904	-118.350	 8.604e-01	 1.351e-01	 6.625e-05	 3.915e-04	 2.197e-03	 1.807e-03	 5.163e-07	000000	 1.000e-30	 1.000e-30	 1.000e-30	 1.000e-30	 1.000e-30	 1.000e-30	 0.000e+00	2343.78	2.35284	1514.77	1407.52
 10.000	328.380	-83.228	 8.604e-01	 1.351e-01	 6.625e-05	 3.915e-04	 2.197e-03	 1.807e-03	 5.163e-07	000000	 1.000e-30	 1.000e-30	 1.000e-30	 1.000e-30	 1.000e-30	 1.000e-30	 0.000e+00	2337.47	2.35284	1097.13	998.492
  9.750	325.877	-81.987	 8.604e-01	 1.351e-01	 6.625e-05	 3.915e-04	 2.197e-03	 1.807e-03	 5.163e-07	000000	 1.000e-30	 1.000e-30	 1.000e-30	 1.000e-30	 1.000e-30	 1.000e-30	 0.000e+00	2337.33	2.35284	1078.49	981.006
  9.500	323.328	-80.724	 8.604e-01	 1.351e-01	 6.625e-05	 3.915e-04	 2.197e-03	 1.807e-03	 5.163e-07	000000	 1.000e-30	 1.000e-30	 1.000e-30	 1.000e-30	 1.000e-30	 1.000e-30	 0.000e+00	2337.19	2.35284	1059.71	963.389
  9.250	320.728	-79.437	 8.604e-01	 1.351e-01	 6.625e-05	 3.915e-04	 2.197e-03	 1.807e-03	 5.163e-07	000000	 1.000e-30	 1.000e-30	 1.000e-30	 1.000e-30	 1.000e-30	 1.000e-30	 0.000e+00	2337.05	2.35284	1040.78	945.639
  9.000	318.078	-78.126	 8.604e-01	 1.351e-01	 6.625e-05	 3.915e-04	 2.197e-03	 1.807e-03	 5.163e-07	000000	 1.000e-30	 1.000e-30	 1.000e-30	 1.000e-30	 1.000e-30	 1.000e-30	 0.000e+00	2336.9	2.35284	1021.7	927.749
  8.750	315.372	-76.790	 8.604e-01	 1.351e-01	 6.625e-05	 3.915e-04	 2.197e-03	 1.807e-03	 5.163e-07	000000	 1.000e-30	 1.000e-30	 1.000e-30	 1.000e-30	 1.000e-30	 1.000e-30	 0.000e+00	2336.76	2.35284	1002.46	909.716
  8.500	312.610	-75.428	 8.604e-01	 1.351e-01	 6.625e-05	 3.915e-04	 2.197e-03	 1.807e-03	 5.163e-07	000000	 1.000e-30	 1.000e-30	 1.000e-30	 1.000e-30	 1.000e-30	 1.000e-30	 0.000e+00	2336.61	2.35284	983.047	891.533
  8.250	309.787	-74.037	 8.604e-01	 1.351e-01	 6.625e-05	 3.915e-04	 2.197e-03	 1.807e-03	 5.163e-07	000000	 1.000e-30	 1.000e-30	 1.000e-30	 1.000e-30	 1.000e-30	 1.000e-30	 0.000e+00	2336.46	2.35284	963.467	873.196
  8.000	306.901	-72.617	 8.604e-01	 1.351e-01	 6.625e-05	 3.915e-04	 2.197e-03	 1.807e-03	 5.163e-07	000000	 1.000e-30	 1.000e-30	 1.000e-30	 1.000e-30	 1.000e-30	 1.000e-30	 0.000e+00	2336.3	2.35284	943.709	854.698
  7.750	303.948	-71.167	 8.604e-01	 1.351e-01	 6.625e-05	 3.915e-04	 2.197e-03	 1.807e-03	 5.163e-07	000000	 1.000e-30	 1.000e-30	 1.000e-30	 1.000e-30	 1.000e-30	 1.000e-30	 0.000e+00	2336.15	2.35284	923.766	836.034
  7.500	300.924	-69.684	 8.604e-01	 1.351e-01	 6.625e-05	 3.915e-04	 2.197e-03	 1.807e-03	 5.163e-07	000000	 1.000e-30	 1.000e-30	 1.000e-30	 1.000e-30	 1.000e-30	 1.000e-30	 0.000e+00	2335.99	2.35284	903.63	817.196
  7.250	297.824	-68.166	 8.604e-01	 1.351e-01	 6.625e-05	 3.915e-04	 2.197e-03	 1.807e-03	 5.163e-07	000000	 1.000e-30	 1.000e-30	 1.000e-30	 1.000e-30	 1.000e-30	 1.000e-30	 0.000e+00	2335.83	2.35284	883.293	798.176
  7.000	294.645	-66.613	 8.604e-01	 1.351e-01	 6.625e-05	 3.915e-04	 2.197e-03	 1.807e-03	 5.163e-07	000000	 1.000e-30	 1.000e-30	 1.000e-30	 1.000e-30	 1.000e-30	 1.000e-30	 0.000e+00	2335.66	2.35284	862.745	778.968
  6.750	291.381	-65.021	 8.604e-01	 1.351e-01	 6.625e-05	 3.915e-04	 2.197e-03	 1.807e-03	 5.163e-07	000000	 1.000e-30	 1.000e-30	 1.000e-30	 1.000e-30	 1.000e-30	 1.000e-30	 0.000e+00	2335.5	2.35284	841.978	759.562
  6.500	288.026	-63.388	 8.604e-01	 1.351e-01	 6.625e-05	 3.915e-04	 2.197e-03	 1.807e-03	 5.163e-07	000000	 1.000e-30	 1.000e-30	 1.000e-30	 1.000e-30	 1.000e-30	 1.000e-30	 0.000e+00	2335.33	2.35284	820.981	739.95
  6.250	285.151	-61.711	 8.605e-01	 1.351e-01	 6.625e-05	 3.899e-04	 2.156e-03	 1.807e-03	 5.163e-07	000001	 1.000e-30	 1.000e-30	 1.000e-30	 1.000e-30	 1.000e-30	 1.000e-30	 2.598e-04	2335.16	2.35215	796.753	718.699
  6.000	282.186	-59.985	 8.608e-01	 1.351e-01	 6.625e-05	 3.882e-04	 1.839e-03	 1.807e-03	 5.163e-07	000001	 1.000e-30	 1.000e-30	 1.000e-30	 1.000e-30	 1.000e-30	 1.000e-30	 2.373e-04	2335.01	2.34706	764.328	697.447
  5.750	279.059	-58.201	 8.611e-01	 1.351e-01	 6.625e-05	 3.863e-04	 1.553e-03	 1.807e-03	 5.163e-07	000001	 1.000e-30	 1.000e-30	 1.000e-30	 1.000e-30	 1.000e-30	 1.000e-30	 1.879e-04	2334.84	2.34245	733.099	676.093
  5.500	275.760	-56.357	 8.614e-01	 1.351e-01	 6.625e-05	 3.842e-04	 1.291e-03	 1.807e-03	 5.163e-07	000001	 1.000e-30	 1.000e-30	 1.000e-30	 1.000e-30	 1.000e-30	 1.000e-30	 1.468e-04	2334.67	2.33823	702.795	654.626
  5.250	272.367	-54.448	 8.616e-01	 1.351e-01	 6.625e-05	 3.842e-04	 1.045e-03	 1.807e-03	 5.163e-07	000002	 1.000e-30	 1.000e-30	 1.000e-30	 2.636e-05	 1.000e-30	 1.000e-30	 1.000e-30	2334.5	2.3343	672.934	632.827
  5.000	268.763	-52.469	 8.618e-01	 1.351e-01	 6.625e-05	 3.842e-04	 8.148e-04	 1.807e-03	 5.163e-07	000002	 1.000e-30	 1.000e-30	 1.000e-30	 2.158e-05	 1.000e-30	 1.000e-30	 1.000e-30	2334.31	2.33061	643.707	610.932
  4.750	264.925	-50.415	 8.620e-01	 1.351e-01	 6.625e-05	 3.842e-04	 6.192e-04	 1.807e-03	 5.163e-07	000002	 1.000e-30	 1.000e-30	 1.000e-30	 1.701e-05	 1.000e-30	 1.000e-30	 1.000e-30	2334.12	2.32748	615.587	588.92
  4.500	260.841	-48.281	 8.622e-01	 1.351e-01	 6.625e-05	 3.842e-04	 4.571e-04	 1.807e-03	 5.163e-07	000002	 1.000e-30	 1.000e-30	 1.000e-30	 1.303e-05	 1.000e-30	 1.000e-30	 1.000e-30	2333.92	2.32489	588.435	566.762
  4.250	256.495	-46.061	 8.623e-01	 1.351e-01	 6.625e-05	 3.842e-04	 3.265e-04	 1.807e-03	 5.163e-07	000002	 1.000e-30	 1.000e-30	 1.000e-30	 9.672e-06	 1.000e-30	 1.000e-30	 1.000e-30	2333.71	2.3228	562.104	544.424
  4.000	251.872	-43.747	 8.624e-01	 1.351e-01	 6.625e-05	 3.842e-04	 2.246e-04	 1.807e-03	 5.163e-07	000002	 1.000e-30	 1.000e-30	 1.000e-30	 6.922e-06	 1.000e-30	 1.000e-30	 1.000e-30	2333.5	2.32117	536.423	521.863
  3.750	246.953	-41.330	 8.625e-01	 1.351e-01	 6.625e-05	 3.842e-04	 1.481e-04	 1.807e-03	 5.163e-07	000002	 1.000e-30	 1.000e-30	 1.000e-30	 4.755e-06	 1.000e-30	 1.000e-30	 1.000e-30	2333.27	2.31994	511.208	499.033
  3.500	241.717	-38.801	 8.626e-01	 1.351e-01	 6.625e-05	 3.842e-04	 9.293e-05	 1.807e-03	 5.163e-07	000002	 1.000e-30	 1.000e-30	 1.000e-30	 3.119e-06	 1.000e-30	 1.000e-30	 1.000e-30	2333.04	2.31906	486.265	475.882
  3.250	236.137	-36.148	 8.626e-01	 1.351e-01	 6.625e-05	 3.842e-04	 5.505e-05	 1.807e-03	 5.163e-07	000002	 1.000e-30	 1.000e-30	 1.000e-30	 1.941e-06	 1.000e-30	 1.000e-30	 1.000e-30	2332.79	2.31845	461.403	452.352
  3.000	230.177	-33.356	 8.626e-01	 1.351e-01	 6.625e-05	 3.842e-04	 3.046e-05	 1.807e-03	 5.163e-07	000002	 1.000e-30	 1.000e-30	 1.000e-30	 1.137e-06	 1.000e-30	 1.000e-30	 1.000e-30	2332.54	2.31806	436.436	428.381
  2.750	223.788	-30.406	 8.626e-01	 1.351e-01	 6.625e-05	 3.842e-04	 1.552e-05	 1.807e-03	 5.163e-07	000002	 1.000e-30	 1.000e-30	 1.000e-30	 6.200e-07	 1.000e-30	 1.000e-30	 1.000e-30	2332.27	2.31782	411.19	403.898
  2.500	217.166	-27.277	 8.627e-01	 1.351e-01	 5.834e-05	 3.763e-04	 7.139e-06	 1.807e-03	 5.163e-07	000022	 5.284e-06	 1.000e-30	 1.000e-30	 2.964e-07	 1.000e-30	 1.000e-30	 1.000e-30	2332	2.31731	384.921	378.387
  2.250	209.972	-23.936	 8.627e-01	 1.351e-01	 1.331e-05	 3.666e-04	 2.988e-06	 1.807e-03	 5.163e-07	000022	 4.629e-06	 1.000e-30	 1.000e-30	 1.336e-07	 1.000e-30	 1.000e-30	 1.000e-30	2331.71	2.31566	357.844	352.24
  2.000	201.883	-20.344	 8.627e-01	 1.351e-01	 2.047e-06	 3.666e-04	 1.062e-06	 1.807e-03	 5.163e-07	000022	 1.189e-06	 1.000e-30	 1.000e-30	 5.648e-08	 1.000e-30	 1.000e-30	 1.000e-30	2331.41	2.31527	330.725	325.652
  1.750	192.850	-16.456	 8.627e-01	 1.351e-01	 1.939e-07	 3.666e-04	 2.926e-07	 1.807e-03	 5.163e-07	000022	 1.864e-07	 1.000e-30	 1.000e-30	 1.986e-08	 1.000e-30	 1.000e-30	 1.000e-30	2331.08	2.3152	302.915	298.292
  1.500	182.678	-12.212	 8.627e-01	 1.351e-01	 9.954e-09	 3.666e-04	 5.743e-08	 1.807e-03	 5.163e-07	000022	 1.743e-08	 1.000e-30	 1.000e-30	 5.369e-09	 1.000e-30	 1.000e-30	 1.000e-30	2330.74	2.31519	274.095	269.917
  1.250	170.983	 -7.521	 8.627e-01	 1.351e-01	 2.095e-10	 3.666e-04	 6.802e-09	 1.807e-03	 5.163e-07	000022	 8.798e-10	 1.000e-30	 1.000e-30	 1.035e-09	 1.000e-30	 1.000e-30	 1.000e-30	2330.38	2.31518	244.034	240.315
  1.000	164.944	 -5.229	 8.627e-01	 1.351e-01	 2.910e-11	 3.666e-04	 2.261e-09	 1.807e-03	 5.163e-07	000022	 1.571e-11	 1.000e-30	 1.000e-30	 1.039e-10	 1.000e-30	 1.000e-30	 1.000e-30	2330	2.31518	202.375	199.291
  0.794	151.200	  0.000	 8.628e-01	 1.351e-01	 1.000e-30	 2.526e-04	 9.410e-11	 1.807e-03	 5.163e-07	000222	 2.176e-12	 1.000e-30	 3.129e-06	 3.438e-11	 1.000e-30	 1.000e-30	 1.000e-30	2329.65	2.31347	174.913	172.714
  0.708	146.900	  2.536	 8.630e-01	 1.351e-01	 1.000e-30	 1.345e-04	 3.189e-11	 1.807e-03	 5.163e-07	000202	 1.000e-30	 1.000e-30	 1.320e-06	 8.939e-13	 1.000e-30	 1.000e-30	 1.000e-30	2329.49	2.3117	160.026	158.459
  0.631	142.400	  5.003	 8.630e-01	 1.351e-01	 1.000e-30	 6.577e-05	 9.465e-12	 1.807e-03	 5.163e-07	000202	 1.000e-30	 1.000e-30	 7.354e-07	 3.135e-13	 1.000e-30	 1.000e-30	 1.000e-30	2329.34	2.31067	146.9	145.701
  0.562	136.900	  7.395	 8.631e-01	 1.351e-01	 1.000e-30	 2.478e-05	 1.858e-12	 1.807e-03	 5.163e-07	000202	 1.000e-30	 1.000e-30	 4.602e-07	 1.167e-13	 1.000e-30	 1.000e-30	 1.000e-30	2329.21	2.31005	136.057	135.078
  0.501	132.500	  9.696	 8.631e-01	 1.351e-01	 1.000e-30	 1.085e-05	 4.662e-13	 1.807e-03	 5.163e-07	000202	 1.000e-30	 1.000e-30	 1.339e-07	 1.779e-14	 1.000e-30	 1.000e-30	 1.000e-30	2329.08	2.30984	125.249	124.389
  0.447	130.100	 11.923	 8.631e-01	 1.351e-01	 1.000e-30	 7.092e-06	 2.215e-13	 1.807e-03	 5.163e-07	000202	 1.000e-30	 1.000e-30	 2.683e-08	 2.140e-15	 1.000e-30	 1.000e-30	 1.000e-30	2328.94	2.30979	113.676	112.906
  0.398	127.200	 14.109	 8.631e-01	 1.351e-01	 1.000e-30	 4.026e-06	 8.431e-14	 1.807e-03	 5.163e-07	000202	 1.000e-30	 1.000e-30	 2.144e-08	 1.211e-15	 1.000e-30	 1.000e-30	 1.000e-30	2328.82	2.30974	103.618	102.924
  0.355	123.800	 16.248	 8.631e-01	 1.351e-01	 1.000e-30	 1.949e-06	 2.499e-14	 1.807e-03	 5.163e-07	000202	 1.000e-30	 1.000e-30	 1.438e-08	 5.343e-16	 1.000e-30	 1.000e-30	 1.000e-30	2328.71	2.30971	94.8798	94.2487
  0.316	121.200	 18.329	 8.631e-01	 1.351e-01	 1.000e-30	 1.112e-06	 9.639e-15	 1.807e-03	 5.163e-07	000202	 1.000e-30	 1.000e-30	 4.854e-09	 1.121e-16	 1.000e-30	 1.000e-30	 1.000e-30	2328.59	2.3097	86.3755	85.8027
  0.282	119.500	 20.366	 8.631e-01	 1.351e-01	 1.000e-30	 7.894e-07	 5.249e-15	 1.807e-03	 5.163e-07	000202	 1.000e-30	 1.000e-30	 1.510e-09	 2.467e-17	 1.000e-30	 1.000e-30	 1.000e-30	2328.48	2.30969	78.0768	77.5596
  0.251	117.400	 22.375	 8.631e-01	 1.351e-01	 1.000e-30	 4.935e-07	 2.343e-15	 1.807e-03	 5.163e-07	000202	 1.000e-30	 1.000e-30	 1.343e-09	 1.627e-17	 1.000e-30	 1.000e-30	 1.000e-30	2328.37	2.30969	70.8302	70.3615
  0.224	115.700	 24.349	 8.631e-01	 1.351e-01	 1.000e-30	 3.394e-07	 1.217e-15	 1.807e-03	 5.163e-07	000202	 1.000e-30	 1.000e-30	 6.006e-10	 5.308e-18	 1.000e-30	 1.000e-30	 1.000e-30	2328.26	2.30969	64.0538	63.6302
  0.200	114.100	 26.294	 8.631e-01	 1.351e-01	 1.000e-30	 2.370e-07	 6.480e-16	 1.807e-03	 5.163e-07	000202	 1.000e-30	 1.000e-30	 3.579e-10	 2.397e-18	 1.000e-30	 1.000e-30	 1.000e-30	2328.15	2.30968	57.8901	57.5074
  0.178	112.900	 28.213	 8.631e-01	 1.351e-01	 1.000e-30	 1.846e-07	 4.100e-16	 1.807e-03	 5.163e-07	000202	 1.000e-30	 1.000e-30	 1.546e-10	 8.279e-19	 1.000e-30	 1.000e-30	 1.000e-30	2328.04	2.30968	52.1425	51.7979
  0.158	111.700	 30.111	 8.631e-01	 1.351e-01	 1.000e-30	 1.427e-07	 2.563e-16	 1.807e-03	 5.163e-07	000202	 1.000e-30	 1.000e-30	 1.121e-10	 4.846e-19	 1.000e-30	 1.000e-30	 1.000e-30	2327.93	2.30968	46.971	46.6606
  0.141	110.900	 31.990	 8.631e-01	 1.351e-01	 1.000e-30	 1.243e-07	 1.934e-16	 1.807e-03	 5.163e-07	000202	 1.000e-30	 1.000e-30	 4.056e-11	 1.609e-19	 1.000e-30	 1.000e-30	 1.000e-30	2327.81	2.30968	42.1636	41.885
  0.126	111.400	 33.855	 8.631e-01	 1.351e-01	 1.000e-30	 1.243e-07	 1.934e-16	 1.807e-03	 5.163e-07	000000	 1.000e-30	 1.000e-30	 1.000e-30	 1.000e-30	 1.000e-30	 1.000e-30	 1.000e-30	2327.67	2.30968	37.4099	37.1627
  0.112	112.900	 35.729	 8.631e-01	 1.351e-01	 1.000e-30	 1.243e-07	 1.934e-16	 1.807e-03	 5.163e-07	000000	 1.000e-30	 1.000e-30	 1.000e-30	 1.000e-30	 1.000e-30	 1.000e-30	 1.000e-30	2327.51	2.30968	32.8988	32.6814
  0.100	113.500	 37.627	 8.631e-01	 1.351e-01	 1.000e-30	 1.243e-07	 1.934e-16	 1.807e-03	 5.163e-07	000000	 1.000e-30	 1.000e-30	 1.000e-30	 1.000e-30	 1.000e-30	 1.000e-30	 1.000e-30	2327.37	2.30968	29.1665	28.9738
  0.089	112.800	 39.536	 8.631e-01	 1.351e-01	 1.000e-30	 1.243e-07	 1.934e-16	 1.807e-03	 5.163e-07	000000	 1.000e-30	 1.000e-30	 1.000e-30	 1.000e-30	 1.000e-30	 1.000e-30	 1.000e-30	2327.25	2.30968	26.1574	25.9846
  0.079	113.700	 41.434	 8.631e-01	 1.351e-01	 1.000e-30	 1.243e-07	 1.934e-16	 1.807e-03	 5.163e-07	000000	 1.000e-30	 1.000e-30	 1.000e-30	 1.000e-30	 1.000e-30	 1.000e-30	 1.000e-30	2327.1	2.30968	23.1262	22.9734
  0.071	114.600	 43.348	 8.631e-01	 1.351e-01	 1.000e-30	 1.243e-07	 1.934e-16	 1.807e-03	 5.163e-07	000000	 1.000e-30	 1.000e-30	 1.000e-30	 1.000e-30	 1.000e-30	 1.000e-30	 1.000e-30	2326.94	2.30968	20.4488	20.3137
  0.063	115.400	 45.273	 8.631e-01	 1.351e-01	 1.000e-30	 1.243e-07	 1.934e-16	 1.807e-03	 5.163e-07	000000	 1.000e-30	 1.000e-30	 1.000e-30	 1.000e-30	 1.000e-30	 1.000e-30	 1.000e-30	2326.79	2.30968	18.1011	17.9815
  0.056	115.300	 47.217	 8.631e-01	 1.351e-01	 1.000e-30	 1.243e-07	 1.934e-16	 1.807e-03	 5.163e-07	000000	 1.000e-30	 1.000e-30	 1.000e-30	 1.000e-30	 1.000e-30	 1.000e-30	 1.000e-30	2326.66	2.30968	16.1443	16.0376
  0.050	114.600	 49.156	 8.631e-01	 1.351e-01	 1.000e-30	 1.243e-07	 1.934e-16	 1.807e-03	 5.163e-07	000000	 1.000e-30	 1.000e-30	 1.000e-30	 1.000e-30	 1.000e-30	 1.000e-30	 1.000e-30	2326.54	2.30968	14.4779	14.3823
  0.045	114.200	 51.084	 8.631e-01	 1.351e-01	 1.000e-30	 1.243e-07	 1.934e-16	 1.807e-03	 5.163e-07	000000	 1.000e-30	 1.000e-30	 1.000e-30	 1.000e-30	 1.000e-30	 1.000e-30	 1.000e-30	2326.42	2.30968	12.9488	12.8633
  0.040	113.000	 53.006	 8.631e-01	 1.351e-01	 1.000e-30	 1.243e-07	 1.934e-16	 1.807e-03	 5.163e-07	000000	 1.000e-30	 1.000e-30	 1.000e-30	 1.000e-30	 1.000e-30	 1.000e-30	 1.000e-30	2326.33	2.30968	11.6626	11.5855
  0.035	111.400	 54.908	 8.631e-01	 1.351e-01	 1.000e-30	 1.243e-07	 1.934e-16	 1.807e-03	 5.163e-07	000000	 1.000e-30	 1.000e-30	 1.000e-30	 1.000e-30	 1.000e-30	 1.000e-30	 1.000e-30	2326.25	2.30968	10.5434	10.4737
  0.032	111.700	 56.784	 8.631e-01	 1.351e-01	 1.000e-30	 1.243e-07	 1.934e-16	 1.807e-03	 5.163e-07	000000	 1.000e-30	 1.000e-30	 1.000e-30	 1.000e-30	 1.000e-30	 1.000e-30	 1.000e-30	2326.11	2.30968	9.37107	9.30915
  0.028	115.600	 58.664	 8.631e-01	 1.351e-01	 1.000e-30	 1.243e-07	 1.934e-16	 1.807e-03	 5.163e-07	000000	 1.000e-30	 1.000e-30	 1.000e-30	 1.000e-30	 1.000e-30	 1.000e-30	 1.000e-30	2325.84	2.30968	8.06982	8.01649
  0.025	116.600	 60.607	 8.631e-01	 1.351e-01	 1.000e-30	 1.243e-07	 1.934e-16	 1.807e-03	 5.163e-07	000000	 1.000e-30	 1.000e-30	 1.000e-30	 1.000e-30	 1.000e-30	 1.000e-30	 1.000e-30	2325.67	2.30968	7.13184	7.08471
  0.022	118.100	 62.568	 8.631e-01	 1.351e-01	 1.000e-30	 1.243e-07	 1.934e-16	 1.807e-03	 5.163e-07	000000	 1.000e-30	 1.000e-30	 1.000e-30	 1.000e-30	 1.000e-30	 1.000e-30	 1.000e-30	2325.48	2.30968	6.27603	6.23455
  0.020	119.900	 64.561	 8.631e-01	 1.351e-01	 1.000e-30	 1.243e-07	 1.934e-16	 1.807e-03	 5.163e-07	000000	 1.000e-30	 1.000e-30	 1.000e-30	 1.000e-30	 1.000e-30	 1.000e-30	 1.000e-30	2325.27	2.30968	5.50813	5.47173
  0.018	121.900	 66.580	 8.631e-01	 1.351e-01	 1.000e-30	 1.243e-07	 1.934e-16	 1.807e-03	 5.163e-07	000000	 1.000e-30	 1.000e-30	 1.000e-30	 1.000e-30	 1.000e-30	 1.000e-30	 1.000e-30	2325.05	2.30968	4.82846	4.79655
  0.016	124.900	 68.628	 8.631e-01	 1.351e-01	 1.000e-30	 1.243e-07	 1.934e-16	 1.807e-03	 5.163e-07	000000	 1.000e-30	 1.000e-30	 1.000e-30	 1.000e-30	 1.000e-30	 1.000e-30	 1.000e-30	2324.78	2.30968	4.20095	4.17319
  0.014	129.200	 70.727	 8.631e-01	 1.351e-01	 1.000e-30	 1.243e-07	 1.934e-16	 1.807e-03	 5.163e-07	000000	 1.000e-30	 1.000e-30	 1.000e-30	 1.000e-30	 1.000e-30	 1.000e-30	 1.000e-30	2324.45	2.30968	3.62043	3.59651
  0.013	133.500	 72.908	 8.631e-01	 1.351e-01	 1.000e-30	 1.243e-07	 1.934e-16	 1.807e-03	 5.163e-07	000000	 1.000e-30	 1.000e-30	 1.000e-30	 1.000e-30	 1.000e-30	 1.000e-30	 1.000e-30	2324.11	2.30968	3.12194	3.10131
  0.011	140.400	 75.158	 8.631e-01	 1.351e-01	 1.000e-30	 1.243e-07	 1.934e-16	 1.807e-03	 5.163e-07	000000	 1.000e-30	 1.000e-30	 1.000e-30	 1.000e-30	 1.000e-30	 1.000e-30	 1.000e-30	2323.65	2.30968	2.64549	2.62801
  0.010	147.000	 77.523	 8.631e-01	 1.351e-01	 1.000e-30	 1.243e-07	 1.934e-16	 1.807e-03	 5.163e-07	000000	 1.000e-30	 1.000e-30	 1.000e-30	 1.000e-30	 1.000e-30	 1.000e-30	 1.000e-30	2323.18	2.30968	2.25197	2.23709
  0.009	154.800	 80.005	 8.631e-01	 1.351e-01	 1.000e-30	 1.243e-07	 1.934e-16	 1.807e-03	 5.163e-07	000000	 1.000e-30	 1.000e-30	 1.000e-30	 1.000e-30	 1.000e-30	 1.000e-30	 1.000e-30	2322.64	2.30968	1.90541	1.89281
  0.008	159.500	 82.617	 8.631e-01	 1.351e-01	 1.000e-30	 1.243e-07	 1.934e-16	 1.807e-03	 5.163e-07	000000	 1.000e-30	 1.000e-30	 1.000e-30	 1.000e-30	 1.000e-30	 1.000e-30	 1.000e-30	2322.23	2.30968	1.64794	1.63705
  0.007	163.000	 85.295	 8.631e-01	 1.351e-01	 1.000e-30	 1.243e-07	 1.934e-16	 1.807e-03	 5.163e-07	000000	 1.000e-30	 1.000e-30	 1.000e-30	 1.000e-30	 1.000e-30	 1.000e-30	 1.000e-30	2321.87	2.30968	1.43789	1.42839
  0.006	165.900	 88.044	 8.631e-01	 1.351e-01	 1.000e-30	 1.243e-07	 1.934e-16	 1.807e-03	 5.163e-07	000000	 1.000e-30	 1.000e-30	 1.000e-30	 1.000e-30	 1.000e-30	 1.000e-30	 1.000e-30	2321.53	2.30968	1.25911	1.25079
  0.006	164.000	 90.857	 8.631e-01	 1.351e-01	 1.000e-30	 1.243e-07	 1.934e-16	 1.807e-03	 5.163e-07	000000	 1.000e-30	 1.000e-30	 1.000e-30	 1.000e-30	 1.000e-30	 1.000e-30	 1.000e-30	2321.43	2.30968	1.13442	1.12692
  0.005	160.500	 93.617	 8.631e-01	 1.351e-01	 1.000e-30	 1.243e-07	 1.934e-16	 1.807e-03	 5.163e-07	000000	 1.000e-30	 1.000e-30	 1.000e-30	 1.000e-30	 1.000e-30	 1.000e-30	 1.000e-30	2321.43	2.30968	1.03334	1.02651
  0.004	159.000	 96.300	 8.631e-01	 1.351e-01	 1.000e-30	 1.243e-07	 1.934e-16	 1.807e-03	 5.163e-07	000000	 1.000e-30	 1.000e-30	 1.000e-30	 1.000e-30	 1.000e-30	 1.000e-30	 1.000e-30	2321.33	2.30968	0.93066	0.92451
  0.004	161.400	 99.002	 8.631e-01	 1.351e-01	 1.000e-30	 1.243e-07	 1.934e-16	 1.807e-03	 5.163e-07	000000	 1.000e-30	 1.000e-30	 1.000e-30	 1.000e-30	 1.000e-30	 1.000e-30	 1.000e-30	2321.01	2.30968	0.816319	0.810925
  0.004	160.600	101.707	 8.631e-01	 1.351e-01	 1.000e-30	 1.243e-07	 1.934e-16	 1.807e-03	 5.163e-07	000000	 1.000e-30	 1.000e-30	 1.000e-30	 1.000e-30	 1.000e-30	 1.000e-30	 1.000e-30	2320.87	2.30968	0.731751	0.726916
  0.003	158.800	104.443	 8.631e-01	 1.351e-01	 1.000e-30	 1.243e-07	 1.934e-16	 1.807e-03	 5.163e-07	000000	 1.000e-30	 1.000e-30	 1.000e-30	 1.000e-30	 1.000e-30	 1.000e-30	 1.000e-30	2320.78	2.30968	0.658745	0.654392
  0.003	156.600	107.094	 8.631e-01	 1.351e-01	 1.000e-30	 1.243e-07	 1.934e-16	 1.807e-03	 5.163e-07	000000	 1.000e-30	 1.000e-30	 1.000e-30	 1.000e-30	 1.000e-30	 1.000e-30	 1.000e-30	2320.73	2.30968	0.596126	0.592187
  0.003	155.500	109.764	 8.631e-01	 1.351e-01	 1.000e-30	 1.243e-07	 1.934e-16	 1.807e-03	 5.163e-07	000000	 1.000e-30	 1.000e-30	 1.000e-30	 1.000e-30	 1.000e-30	 1.000e-30	 1.000e-30	2320.61	2.30968	0.534348	0.530817
  0.002	156.000	112.359	 8.631e-01	 1.351e-01	 1.000e-30	 1.243e-07	 1.934e-16	 1.807e-03	 5.163e-07	000000	 1.000e-30	 1.000e-30	 1.000e-30	 1.000e-30	 1.000e-30	 1.000e-30	 1.000e-30	2320.41	2.30968	0.47534	0.472199
  0.002	154.900	114.952	 8.631e-01	 1.351e-01	 1.000e-30	 1.243e-07	 1.934e-16	 1.807e-03	 5.163e-07	000000	 1.000e-30	 1.000e-30	 1.000e-30	 1.000e-30	 1.000e-30	 1.000e-30	 1.000e-30	2320.3	2.30968	0.427424	0.4246
  0.002	152.300	117.595	 8.631e-01	 1.351e-01	 1.000e-30	 1.243e-07	 1.934e-16	 1.807e-03	 5.163e-07	000000	 1.000e-30	 1.000e-30	 1.000e-30	 1.000e-30	 1.000e-30	 1.000e-30	 1.000e-30	2320.28	2.30968	0.386902	0.384345
  0.002	151.400	120.250	 8.631e-01	 1.351e-01	 1.000e-30	 1.243e-07	 1.934e-16	 1.807e-03	 5.163e-07	000000	 1.000e-30	 1.000e-30	 1.000e-30	 1.000e-30	 1.000e-30	 1.000e-30	 1.000e-30	2320.16	2.30968	0.345471	0.343188
  0.001	152.800	122.777	 8.631e-01	 1.351e-01	 1.000e-30	 1.243e-07	 1.934e-16	 1.807e-03	 5.163e-07	000000	 1.000e-30	 1.000e-30	 1.000e-30	 1.000e-30	 1.000e-30	 1.000e-30	 1.000e-30	2319.89	2.30968	0.305475	0.303457
  0.001	160.700	125.300	 8.631e-01	 1.351e-01	 1.000e-30	 1.243e-07	 1.934e-16	 1.807e-03	 5.163e-07	000000	 1.000e-30	 1.000e-30	 1.000e-30	 1.000e-30	 1.000e-30	 1.000e-30	 1.000e-30	2319.18	2.30968	0.259559	0.257843
  0.001	168.800	128.071	 8.631e-01	 1.351e-01	 1.000e-30	 1.243e-07	 1.934e-16	 1.807e-03	 5.163e-07	000000	 1.000e-30	 1.000e-30	 1.000e-30	 1.000e-30	 1.000e-30	 1.000e-30	 1.000e-30	2318.44	2.30968	0.219647	0.218196
  0.001	169.100	130.879	 8.631e-01	 1.351e-01	 1.000e-30	 1.243e-07	 1.934e-16	 1.807e-03	 5.163e-07	000000	 1.000e-30	 1.000e-30	 1.000e-30	 1.000e-30	 1.000e-30	 1.000e-30	 1.000e-30	2318.22	2.30968	0.195766	0.194472
