1000.000	1678.336	-666.356	 8.604e-01	 1.351e-01	 6.625e-05	 3.915e-04	 2.197e-03	 1.807e-03	 5.163e-07	000000	 1.000e-30	 1.000e-30	 1.000e-30	 1.000e-30	 1.000e-30	 1.000e-30	 1.000e-30	2436.95	2.35284	20263.6	19536.3
990.000	1673.278	-663.922	 8.604e-01	 1.351e-01	 6.625e-05	 3.915e-04	 2.197e-03	 1.807e-03	 5.163e-07	000000	 1.000e-30	 1.000e-30	 1.000e-30	 1.000e-30	 1.000e-30	 1.000e-30	 0.000e+00	2442.77	2.35284	20122.5	19399.4
980.000	1668.183	-661.477	 8.604e-01	 1.351e-01	 6.625e-05	 3.915e-04	 2.197e-03	 1.807e-03	 5.163e-07	000000	 1.000e-30	 1.000e-30	 1.000e-30	 1.000e-30	 1.000e-30	 1.000e-30	 0.000e+00	2442.26	2.35284	19981	19262.1
970.000	1663.052	-659.014	 8.604e-01	 1.351e-01	 6.625e-05	 3.915e-04	 2.197e-03	 1.807e-03	 5.163e-07	000000	 1.000e-30	 1.000e-30	 1.000e-30	 1.000e-30	 1.000e-30	 1.000e-30	 0.000e+00	2441.76	2.35284	19839	19124.4
960.000	1657.884	-656.533	 8.604e-01	 1.351e-01	 6.625e-05	 3.915e-04	 2.197e-03	 1.807e-03	 5.163e-07	000000	 1.000e-30	 1.000e-30	 1.000e-30	 1.000e-30	 1.000e-30	 1.000e-30	 0.000e+00	2441.25	2.35284	19696.6	18986.2
950.000	1652.677	-654.033	 8.604e-01	 1.351e-01	 6.625e-05	 3.915e-04	 2.197e-03	 1.807e-03	 5.163e-07	000000	 1.000e-30	 1.000e-30	 1.000e-30	 1.000e-30	 1.000e-30	 1.000e-30	 0.000e+00	2440.73	2.35284	19553.7	18847.6
940.000	1647.431	-651.515	 8.604e-01	 1.351e-01	 6.625e-05	 3.915e-04	 2.197e-03	 1.807e-03	 5.163e-07	000000	 1.000e-30	 1.000e-30	 1.000e-30	 1.000e-30	 1.000e-30	 1.000e-30	 0.000e+00	2440.22	2.35284	19410.4	18708.6
930.000	1642.146	-648.977	 8.604e-01	 1.351e-01	 6.625e-05	 3.915e-04	 2.197e-03	 1.807e-03	 5.163e-07	000000	 1.000e-30	 1.000e-30	 1.000e-30	 1.000e-30	 1.000e-30	 1.000e-30	 0.000e+00	2439.7	2.35284	19266.6	18569.2
920.000	1636.821	-646.419	 8.604e-01	 1.351e-01	 6.625e-05	 3.915e-04	 2.197e-03	 1.807e-03	 5.163e-07	000000	 1.000e-30	 1.000e-30	 1.000e-30	 1.000e-30	 1.000e-30	 1.000e-30	 0.000e+00	2439.18	2.35284	19122.4	18429.3
910.000	1631.454	-643.841	 8.604e-01	 1.351e-01	 6.625e-05	 3.915e-04	 2.197e-03	 1.807e-03	 5.163e-07	000000	 1.000e-30	 1.000e-30	 1.000e-30	 1.000e-30	 1.000e-30	 1.000e-30	 0.000e+00	2438.65	2.35284	18977.7	18288.9
900.000	1626.046	-641.244	 8.604e-01	 1.351e-01	 6.625e-05	 3.915e-04	 2.197e-03	 1.807e-03	 5.163e-07	000000	 1.000e-30	 1.000e-30	 1.000e-30	 1.000e-30	 1.000e-30	 1.000e-30	 0.000e+00	2438.12	2.35284	18832.5	18148.1
890.000	1620.595	-638.625	 8.604e-01	 1.351e-01	 6.625e-05	 3.915e-04	 2.197e-03	 1.807e-03	 5.163e-07	000000	 1.000e-30	 1.000e-30	 1.000e-30	 1.000e-30	 1.000e-30	 1.000e-30	 0.000e+00	2437.59	2.35284	18686.8	18006.8
880.000	1615.100	-635.985	 8.604e-01	 1.351e-01	 6.625e-05	 3.915e-04	 2.197e-03	 1.807e-03	 5.163e-07	000000	 1.000e-30	 1.000e-30	 1.000e-30	 1.000e-30	 1.000e-30	 1.000e-30	 0.000e+00	2437.05	2.35284	18540.6	17865.1
870.000	1609.562	-633.324	 8.604e-01	 1.351e-01	 6.625e-05	 3.915e-04	 2.197e-03	 1.807e-03	 5.163e-07	000000	 1.000e-30	 1.000e-30	 1.000e-30	 1.000e-30	 1.000e-30	 1.000e-30	 0.000e+00	2436.51	2.35284	18394	17722.8
860.000	1603.978	-630.641	 8.604e-01	 1.351e-01	 6.625e-05	 3.915e-04	 2.197e-03	 1.807e-03	 5.163e-07	000000	 1.000e-30	 1.000e-30	 1.000e-30	 1.000e-30	 1.000e-30	 1.000e-30	 0.000e+00	2435.96	2.35284	18246.8	17580.1
850.000	1598.348	-627.935	 8.604e-01	 1.351e-01	 6.625e-05	 3.915e-04	 2.197e-03	 1.807e-03	 5.163e-07	000000	 1.000e-30	 1.000e-30	 1.000e-30	 1.000e-30	 1.000e-30	 1.000e-30	 0.000e+00	2435.41	2.35284	18099.1	17436.9
840.000	1592.670	-625.207	 8.604e-01	 1.351e-01	 6.625e-05	 3.915e-04	 2.197e-03	 1.807e-03	 5.163e-07	000000	 1.000e-30	 1.000e-30	 1.000e-30	 1.000e-30	 1.000e-30	 1.000e-30	 0.000e+00	2434.86	2.35284	17950.9	17293.2
830.000	1586.945	-622.455	 8.604e-01	 1.351e-01	 6.625e-05	 3.915e-04	 2.197e-03	 1.807e-03	 5.163e-07	000000	 1.000e-30	 1.000e-30	 1.000e-30	 1.000e-30	 1.000e-30	 1.000e-30	 0.000e+00	2434.3	2.35284	17802.2	17148.9
820.000	1581.171	-619.680	 8.604e-01	 1.351e-01	 6.625e-05	 3.915e-04	 2.197e-03	 1.807e-03	 5.163e-07	000000	 1.000e-30	 1.000e-30	 1.000e-30	 1.000e-30	 1.000e-30	 1.000e-30	 0.000e+00	2433.74	2.35284	17652.9	17004.2
810.000	1575.347	-616.880	 8.604e-01	 1.351e-01	 6.625e-05	 3.915e-04	 2.197e-03	 1.807e-03	 5.163e-07	000000	 1.000e-30	 1.000e-30	 1.000e-30	 1.000e-30	 1.000e-30	 1.000e-30	 0.000e+00	2433.18	2.35284	17503.1	16858.9
800.000	1569.472	-614.055	 8.604e-01	 1.351e-01	 6.625e-05	 3.915e-04	 2.197e-03	 1.807e-03	 5.163e-07	000000	 1.000e-30	 1.000e-30	 1.000e-30	 1.000e-30	 1.000e-30	 1.000e-30	 0.000e+00	2432.61	2.35284	17352.7	16713.1
790.000	1563.545	-611.205	 8.604e-01	 1.351e-01	 6.625e-05	 3.915e-04	 2.197e-03	 1.807e-03	 5.163e-07	000000	 1.000e-30	 1.000e-30	 1.000e-30	 1.000e-30	 1.000e-30	 1.000e-30	 0.000e+00	2432.03	2.35284	17201.8	16566.8
780.000	1557.564	-608.330	 8.604e-01	 1.351e-01	 6.625e-05	 3.915e-04	 2.197e-03	 1.807e-03	 5.163e-07	000000	 1.000e-30	 1.000e-30	 1.000e-30	 1.000e-30	 1.000e-30	 1.000e-30	 0.000e+00	2431.46	2.35284	17050.2	16419.9
770.000	1551.529	-605.427	 8.604e-01	 1.351e-01	 6.625e-05	 3.915e-04	 2.197e-03	 1.807e-03	 5.163e-07	000000	 1.000e-30	 1.000e-30	 1.000e-30	 1.000e-30	 1.000e-30	 1.000e-30	 0.000e+00	2430.87	2.35284	16898.1	16272.4
760.000	1545.438	-602.498	 8.604e-01	 1.351e-01	 6.625e-05	 3.915e-04	 2.197e-03	 1.807e-03	 5.163e-07	000000	 1.000e-30	 1.000e-30	 1.000e-30	 1.000e-30	 1.000e-30	 1.000e-30	 0.000e+00	2430.29	2.35284	16745.4	16124.4
750.000	1539.290	-599.542	 8.604e-01	 1.351e-01	 6.625e-05	 3.915e-04	 2.197e-03	 1.807e-03	 5.163e-07	000000	 1.000e-30	 1.000e-30	 1.000e-30	 1.000e-30	 1.000e-30	 1.000e-30	 0.000e+00	2429.69	2.35284	16592.1	15975.8
740.000	1533.084	-596.557	 8.604e-01	 1.351e-01	 6.625e-05	 3.915e-04	 2.197e-03	 1.807e-03	 5.163e-07	000000	 1.000e-30	 1.000e-30	 1.000e-30	 1.000e-30	 1.000e-30	 1.000e-30	 0.000e+00	2429.1	2.35284	16438.2	15826.6
730.000	1526.818	-593.543	 8.604e-01	 1.351e-01	 6.625e-05	 3.915e-04	 2.197e-03	 1.807e-03	 5.163e-07	000000	 1.000e-30	 1.000e-30	 1.000e-30	 1.000e-30	 1.000e-30	 1.000e-30	 0.000e+00	2428.49	2.35284	16283.7	15676.8
720.000	1520.491	-590.499	 8.604e-01	 1.351e-01	 6.625e-05	 3.915e-04	 2.197e-03	 1.807e-03	 5.163e-07	000000	 1.000e-30	 1.000e-30	 1.000e-30	 1.000e-30	 1.000e-30	 1.000e-30	 0.000e+00	2427.89	2.35284	16128.5	15526.4
710.000	1514.102	-587.426	 8.604e-01	 1.351e-01	 6.625e-05	 3.915e-04	 2.197e-03	 1.807e-03	 5.163e-07	000000	 1.000e-30	 1.000e-30	 1.000e-30	 1.000e-30	 1.000e-30	 1.000e-30	 0.000e+00	2427.27	2.35284	15972.7	15375.3
700.000	1507.648	-584.321	 8.604e-01	 1.351e-01	 6.625e-05	 3.915e-04	 2.197e-03	 1.807e-03	 5.163e-07	000000	 1.000e-30	 1.000e-30	 1.000e-30	 1.000e-30	 1.000e-30	 1.000e-30	 0.000e+00	2426.66	2.35284	15816.2	15223.7
690.000	1501.129	-581.185	 8.604e-01	 1.351e-01	 6.625e-05	 3.915e-04	 2.197e-03	 1.807e-03	 5.163e-07	000000	 1.000e-30	 1.000e-30	 1.000e-30	 1.000e-30	 1.000e-30	 1.000e-30	 0.000e+00	2426.03	2.35284	15659.1	15071.3
680.000	1494.543	-578.016	 8.604e-01	 1.351e-01	 6.625e-05	 3.915e-04	 2.197e-03	 1.807e-03	 5.163e-07	000000	 1.000e-30	 1.000e-30	 1.000e-30	 1.000e-30	 1.000e-30	 1.000e-30	 0.000e+00	2425.4	2.35284	15501.2	14918.4
670.000	1487.888	-574.813	 8.604e-01	 1.351e-01	 6.625e-05	 3.915e-04	 2.197e-03	 1.807e-03	 5.163e-07	000000	 1.000e-30	 1.000e-30	 1.000e-30	 1.000e-30	 1.000e-30	 1.000e-30	 0.000e+00	2424.77	2.35284	15342.7	14764.7
660.000	1481.162	-571.577	 8.604e-01	 1.351e-01	 6.625e-05	 3.915e-04	 2.197e-03	 1.807e-03	 5.163e-07	000000	 1.000e-30	 1.000e-30	 1.000e-30	 1.000e-30	 1.000e-30	 1.000e-30	 0.000e+00	2424.13	2.35284	15183.5	14610.4
650.000	1474.363	-568.306	 8.604e-01	 1.351e-01	 6.625e-05	 3.915e-04	 2.197e-03	 1.807e-03	 5.163e-07	000000	 1.000e-30	 1.000e-30	 1.000e-30	 1.000e-30	 1.000e-30	 1.000e-30	 0.000e+00	2423.48	2.35284	15023.5	14455.4
640.000	1467.490	-564.998	 8.604e-01	 1.351e-01	 6.625e-05	 3.915e-04	 2.197e-03	 1.807e-03	 5.163e-07	000000	 1.000e-30	 1.000e-30	 1.000e-30	 1.000e-30	 1.000e-30	 1.000e-30	 0.000e+00	2422.83	2.35284	14862.8	14299.7
630.000	1460.540	-561.654	 8.604e-01	 1.351e-01	 6.625e-05	 3.915e-04	 2.197e-03	 1.807e-03	 5.163e-07	000000	 1.000e-30	 1.000e-30	 1.000e-30	 1.000e-30	 1.000e-30	 1.000e-30	 0.000e+00	2422.17	2.35284	14701.3	14143.2
620.000	1453.512	-558.272	 8.604e-01	 1.351e-01	 6.625e-05	 3.915e-04	 2.197e-03	 1.807e-03	 5.163e-07	000000	 1.000e-30	 1.000e-30	 1.000e-30	 1.000e-30	 1.000e-30	 1.000e-30	 0.000e+00	2421.51	2.35284	14539.1	13986
610.000	1446.402	-554.851	 8.604e-01	 1.351e-01	 6.625e-05	 3.915e-04	 2.197e-03	 1.807e-03	 5.163e-07	000000	 1.000e-30	 1.000e-30	 1.000e-30	 1.000e-30	 1.000e-30	 1.000e-30	 0.000e+00	2420.84	2.35284	14376.1	13828.1
600.000	1439.210	-551.389	 8.604e-01	 1.351e-01	 6.625e-05	 3.915e-04	 2.197e-03	 1.807e-03	 5.163e-07	000000	 1.000e-30	 1.000e-30	 1.000e-30	 1.000e-30	 1.000e-30	 1.000e-30	 0.000e+00	2420.16	2.35284	14212.3	13669.4
590.000	1431.932	-547.887	 8.604e-01	 1.351e-01	 6.625e-05	 3.915e-04	 2.197e-03	 1.807e-03	 5.163e-07	000000	 1.000e-30	 1.000e-30	 1.000e-30	 1.000e-30	 1.000e-30	 1.000e-30	 0.000e+00	2419.47	2.35284	14047.6	13509.9
580.000	1424.566	-544.342	 8.604e-01	 1.351e-01	 6.625e-05	 3.915e-04	 2.197e-03	 1.807e-03	 5.163e-07	000000	 1.000e-30	 1.000e-30	 1.000e-30	 1.000e-30	 1.000e-30	 1.000e-30	 0.000e+00	2418.78	2.35284	13882.1	13349.5
570.000	1417.109	-540.754	 8.604e-01	 1.351e-01	 6.625e-05	 3.915e-04	 2.197e-03	 1.807e-03	 5.163e-07	000000	 1.000e-30	 1.000e-30	 1.000e-30	 1.000e-30	 1.000e-30	 1.000e-30	 0.000e+00	2418.08	2.35284	13715.8	13188.4
560.000	1409.559	-537.121	 8.604e-01	 1.351e-01	 6.625e-05	 3.915e-04	 2.197e-03	 1.807e-03	 5.163e-07	000000	 1.000e-30	 1.000e-30	 1.000e-30	 1.000e-30	 1.000e-30	 1.000e-30	 0.000e+00	2417.37	2.35284	13548.6	13026.4
550.000	1401.913	-533.441	 8.604e-01	 1.351e-01	 6.625e-05	 3.915e-04	 2.197e-03	 1.807e-03	 5.163e-07	000000	 1.000e-30	 1.000e-30	 1.000e-30	 1.000e-30	 1.000e-30	 1.000e-30	 0.000e+00	2416.66	2.35284	13380.5	12863.6
540.000	1394.167	-529.714	 8.604e-01	 1.351e-01	 6.625e-05	 3.915e-04	 2.197e-03	 1.807e-03	 5.163e-07	000000	 1.000e-30	 1.000e-30	 1.000e-30	 1.000e-30	 1.000e-30	 1.000e-30	 0.000e+00	2415.93	2.35284	13211.5	12699.9
530.000	1386.319	-525.938	 8.604e-01	 1.351e-01	 6.625e-05	 3.915e-04	 2.197e-03	 1.807e-03	 5.163e-07	000000	 1.000e-30	 1.000e-30	 1.000e-30	 1.000e-30	 1.000e-30	 1.000e-30	 0.000e+00	2415.2	2.35284	13041.5	12535.3
520.000	1378.365	-522.111	 8.604e-01	 1.351e-01	 6.625e-05	 3.915e-04	 2.197e-03	 1.807e-03	 5.163e-07	000000	 1.000e-30	 1.000e-30	 1.000e-30	 1.000e-30	 1.000e-30	 1.000e-30	 0.000e+00	2414.46	2.35284	12870.6	12369.7
510.000	1370.301	-518.231	 8.604e-01	 1.351e-01	 6.625e-05	 3.915e-04	 2.197e-03	 1.807e-03	 5.163e-07	000000	 1.000e-30	 1.000e-30	 1.000e-30	 1.000e-30	 1.000e-30	 1.000e-30	 0.000e+00	2413.71	2.35284	12698.6	12203.2
500.000	1362.125	-514.298	 8.604e-01	 1.351e-01	 6.625e-05	 3.915e-04	 2.197e-03	 1.807e-03	 5.163e-07	000000	 1.000e-30	 1.000e-30	 1.000e-30	 1.000e-30	 1.000e-30	 1.000e-30	 0.000e+00	2412.96	2.35284	12525.7	12035.8
490.000	1353.831	-510.308	 8.604e-01	 1.351e-01	 6.625e-05	 3.915e-04	 2.197e-03	 1.807e-03	 5.163e-07	000000	 1.000e-30	 1.000e-30	 1.000e-30	 1.000e-30	 1.000e-30	 1.000e-30	 0.000e+00	2412.19	2.35284	12351.7	11867.3
480.000	1345.416	-506.260	 8.604e-01	 1.351e-01	 6.625e-05	 3.915e-04	 2.197e-03	 1.807e-03	 5.163e-07	000000	 1.000e-30	 1.000e-30	 1.000e-30	 1.000e-30	 1.000e-30	 1.000e-30	 0.000e+00	2411.41	2.35284	12176.7	11697.8
470.000	1336.875	-502.153	 8.604e-01	 1.351e-01	 6.625e-05	 3.915e-04	 2.197e-03	 1.807e-03	 5.163e-07	000000	 1.000e-30	 1.000e-30	 1.000e-30	 1.000e-30	 1.000e-30	 1.000e-30	 0.000e+00	2410.63	2.35284	12000.6	11527.3
460.000	1328.204	-497.983	 8.604e-01	 1.351e-01	 6.625e-05	 3.915e-04	 2.197e-03	 1.807e-03	 5.163e-07	000000	 1.000e-30	 1.000e-30	 1.000e-30	 1.000e-30	 1.000e-30	 1.000e-30	 0.000e+00	2409.83	2.35284	11823.3	11355.7
450.000	1319.398	-493.749	 8.604e-01	 1.351e-01	 6.625e-05	 3.915e-04	 2.197e-03	 1.807e-03	 5.163e-07	000000	 1.000e-30	 1.000e-30	 1.000e-30	 1.000e-30	 1.000e-30	 1.000e-30	 0.000e+00	2409.02	2.35284	11644.9	11183
440.000	1310.452	-489.448	 8.604e-01	 1.351e-01	 6.625e-05	 3.915e-04	 2.197e-03	 1.807e-03	 5.163e-07	000000	 1.000e-30	 1.000e-30	 1.000e-30	 1.000e-30	 1.000e-30	 1.000e-30	 0.000e+00	2408.21	2.35284	11465.3	11009.1
430.000	1301.359	-485.078	 8.604e-01	 1.351e-01	 6.625e-05	 3.915e-04	 2.197e-03	 1.807e-03	 5.163e-07	000000	 1.000e-30	 1.000e-30	 1.000e-30	 1.000e-30	 1.000e-30	 1.000e-30	 0.000e+00	2407.38	2.35284	11284.4	10834.1
420.000	1292.115	-480.636	 8.604e-01	 1.351e-01	 6.625e-05	 3.915e-04	 2.197e-03	 1.807e-03	 5.163e-07	000000	 1.000e-30	 1.000e-30	 1.000e-30	 1.000e-30	 1.000e-30	 1.000e-30	 0.000e+00	2406.54	2.35284	11102.3	10657.8
410.000	1282.712	-476.118	 8.604e-01	 1.351e-01	 6.625e-05	 3.915e-04	 2.197e-03	 1.807e-03	 5.163e-07	000000	 1.000e-30	 1.000e-30	 1.000e-30	 1.000e-30	 1.000e-30	 1.000e-30	 0.000e+00	2405.68	2.35284	10918.9	10480.4
400.000	1273.144	-471.523	 8.604e-01	 1.351e-01	 6.625e-05	 3.915e-04	 2.197e-03	 1.807e-03	 5.163e-07	000000	 1.000e-30	 1.000e-30	 1.000e-30	 1.000e-30	 1.000e-30	 1.000e-30	 0.000e+00	2404.82	2.35284	10734.2	10301.6
390.000	1263.404	-466.846	 8.604e-01	 1.351e-01	 6.625e-05	 3.915e-04	 2.197e-03	 1.807e-03	 5.163e-07	000000	 1.000e-30	 1.000e-30	 1.000e-30	 1.000e-30	 1.000e-30	 1.000e-30	 0.000e+00	2403.94	2.35284	10548.1	10121.5
380.000	1253.485	-462.084	 8.604e-01	 1.351e-01	 6.625e-05	 3.915e-04	 2.197e-03	 1.807e-03	 5.163e-07	000000	 1.000e-30	 1.000e-30	 1.000e-30	 1.000e-30	 1.000e-30	 1.000e-30	 0.000e+00	2403.04	2.35284	10360.5	9939.98
370.000	1243.377	-457.233	 8.604e-01	 1.351e-01	 6.625e-05	 3.915e-04	 2.197e-03	 1.807e-03	 5.163e-07	000000	 1.000e-30	 1.000e-30	 1.000e-30	 1.000e-30	 1.000e-30	 1.000e-30	 0.000e+00	2402.14	2.35284	10171.4	9757.08
360.000	1233.073	-452.289	 8.604e-01	 1.351e-01	 6.625e-05	 3.915e-04	 2.197e-03	 1.807e-03	 5.163e-07	000000	 1.000e-30	 1.000e-30	 1.000e-30	 1.000e-30	 1.000e-30	 1.000e-30	 0.000e+00	2401.21	2.35284	9980.86	9572.71
350.000	1222.561	-447.249	 8.604e-01	 1.351e-01	 6.625e-05	 3.915e-04	 2.197e-03	 1.807e-03	 5.163e-07	000000	 1.000e-30	 1.000e-30	 1.000e-30	 1.000e-30	 1.000e-30	 1.000e-30	 0.000e+00	2400.28	2.35284	9788.68	9386.82
340.000	1211.833	-442.106	 8.604e-01	 1.351e-01	 6.625e-05	 3.915e-04	 2.197e-03	 1.807e-03	 5.163e-07	000000	 1.000e-30	 1.000e-30	 1.000e-30	 1.000e-30	 1.000e-30	 1.000e-30	 0.000e+00	2399.32	2.35284	9594.86	9199.35
330.000	1200.877	-436.857	 8.604e-01	 1.351e-01	 6.625e-05	 3.915e-04	 2.197e-03	 1.807e-03	 5.163e-07	000000	 1.000e-30	 1.000e-30	 1.000e-30	 1.000e-30	 1.000e-30	 1.000e-30	 0.000e+00	2398.35	2.35284	9399.33	9010.24
320.000	1189.680	-431.495	 8.604e-01	 1.351e-01	 6.625e-05	 3.915e-04	 2.197e-03	 1.807e-03	 5.163e-07	000000	 1.000e-30	 1.000e-30	 1.000e-30	 1.000e-30	 1.000e-30	 1.000e-30	 0.000e+00	2397.36	2.35284	9202.02	8819.44
310.000	1178.230	-426.015	 8.604e-01	 1.351e-01	 6.625e-05	 3.915e-04	 2.197e-03	 1.807e-03	 5.163e-07	000000	 1.000e-30	 1.000e-30	 1.000e-30	 1.000e-30	 1.000e-30	 1.000e-30	 0.000e+00	2396.35	2.35284	9002.86	8626.86
300.000	1166.513	-420.410	 8.604e-01	 1.351e-01	 6.625e-05	 3.915e-04	 2.197e-03	 1.807e-03	 5.163e-07	000000	 1.000e-30	 1.000e-30	 1.000e-30	 1.000e-30	 1.000e-30	 1.000e-30	 0.000e+00	2395.32	2.35284	8801.77	8432.43
290.000	1154.511	-414.674	 8.604e-01	 1.351e-01	 6.625e-05	 3.915e-04	 2.197e-03	 1.807e-03	 5.163e-07	000000	 1.000e-30	 1.000e-30	 1.000e-30	 1.000e-30	 1.000e-30	 1.000e-30	 0.000e+00	2394.27	2.35284	8598.66	8236.08
280.000	1142.209	-408.798	 8.604e-01	 1.351e-01	 6.625e-05	 3.915e-04	 2.197e-03	 1.807e-03	 5.163e-07	000000	 1.000e-30	 1.000e-30	 1.000e-30	 1.000e-30	 1.000e-30	 1.000e-30	 0.000e+00	2393.2	2.35284	8393.46	8037.73
270.000	1129.588	-402.775	 8.604e-01	 1.351e-01	 6.625e-05	 3.915e-04	 2.197e-03	 1.807e-03	 5.163e-07	000000	 1.000e-30	 1.000e-30	 1.000e-30	 1.000e-30	 1.000e-30	 1.000e-30	 0.000e+00	2392.11	2.35284	8186.06	7837.27
260.000	1116.626	-396.595	 8.604e-01	 1.351e-01	 6.625e-05	 3.915e-04	 2.197e-03	 1.807e-03	 5.163e-07	000000	 1.000e-30	 1.000e-30	 1.000e-30	 1.000e-30	 1.000e-30	 1.000e-30	 0.000e+00	2390.99	2.35284	7976.35	7634.61
250.000	1103.300	-390.247	 8.604e-01	 1.351e-01	 6.625e-05	 3.915e-04	 2.197e-03	 1.807e-03	 5.163e-07	000000	 1.000e-30	 1.000e-30	 1.000e-30	 1.000e-30	 1.000e-30	 1.000e-30	 0.000e+00	2389.84	2.35284	7764.22	7429.64
240.000	1089.584	-383.722	 8.604e-01	 1.351e-01	 6.625e-05	 3.915e-04	 2.197e-03	 1.807e-03	 5.163e-07	000000	 1.000e-30	 1.000e-30	 1.000e-30	 1.000e-30	 1.000e-30	 1.000e-30	 0.000e+00	2388.67	2.35284	7549.55	7222.23
230.000	1075.450	-377.005	 8.604e-01	 1.351e-01	 6.625e-05	 3.915e-04	 2.197e-03	 1.807e-03	 5.163e-07	000000	 1.000e-30	 1.000e-30	 1.000e-30	 1.000e-30	 1.000e-30	 1.000e-30	 0.000e+00	2387.47	2.35284	7332.2	7012.27
220.000	1060.865	-370.085	 8.604e-01	 1.351e-01	 6.625e-05	 3.915e-04	 2.197e-03	 1.807e-03	 5.163e-07	000000	 1.000e-30	 1.000e-30	 1.000e-30	 1.000e-30	 1.000e-30	 1.000e-30	 0.000e+00	2386.23	2.35284	7112.01	6799.6
210.000	1045.793	-362.944	 8.604e-01	 1.351e-01	 6.625e-05	 3.915e-04	 2.197e-03	 1.807e-03	 5.163e-07	000000	 1.000e-30	 1.000e-30	 1.000e-30	 1.000e-30	 1.000e-30	 1.000e-30	 0.000e+00	2384.96	2.35284	6888.83	6584.07
200.000	1030.192	-355.565	 8.604e-01	 1.351e-01	 6.625e-05	 3.915e-04	 2.197e-03	 1.807e-03	 5.163e-07	000000	 1.000e-30	 1.000e-30	 1.000e-30	 1.000e-30	 1.000e-30	 1.000e-30	 0.000e+00	2383.65	2.35284	6662.46	6365.51
190.000	1014.015	-347.929	 8.604e-01	 1.351e-01	 6.625e-05	 3.915e-04	 2.197e-03	 1.807e-03	 5.163e-07	000000	 1.000e-30	 1.000e-30	 1.000e-30	 1.000e-30	 1.000e-30	 1.000e-30	 0.000e+00	2382.31	2.35284	6432.7	6143.7
180.000	997.207	-340.012	 8.604e-01	 1.351e-01	 6.625e-05	 3.915e-04	 2.197e-03	 1.807e-03	 5.163e-07	000000	 1.000e-30	 1.000e-30	 1.000e-30	 1.000e-30	 1.000e-30	 1.000e-30	 0.000e+00	2380.92	2.35284	6199.32	5918.45
170.000	979.706	-331.790	 8.604e-01	 1.351e-01	 6.625e-05	 3.915e-04	 2.197e-03	 1.807e-03	 5.163e-07	000000	 1.000e-30	 1.000e-30	 1.000e-30	 1.000e-30	 1.000e-30	 1.000e-30	 0.000e+00	2379.48	2.35284	5962.07	5689.5
160.000	961.437	-323.231	 8.604e-01	 1.351e-01	 6.625e-05	 3.915e-04	 2.197e-03	 1.807e-03	 5.163e-07	000000	 1.000e-30	 1.000e-30	 1.000e-30	 1.000e-30	 1.000e-30	 1.000e-30	 0.000e+00	2377.99	2.35284	5720.64	5456.57
150.000	942.314	-314.302	 8.604e-01	 1.351e-01	 6.625e-05	 3.915e-04	 2.197e-03	 1.807e-03	 5.163e-07	000000	 1.000e-30	 1.000e-30	 1.000e-30	 1.000e-30	 1.000e-30	 1.000e-30	 0.000e+00	2376.45	2.35284	5474.71	5219.35
140.000	922.232	-304.960	 8.604e-01	 1.351e-01	 6.625e-05	 3.915e-04	 2.197e-03	 1.807e-03	 5.163e-07	000000	 1.000e-30	 1.000e-30	 1.000e-30	 1.000e-30	 1.000e-30	 1.000e-30	 0.000e+00	2374.84	2.35284	5223.89	4977.47
130.000	901.067	-295.158	 8.604e-01	 1.351e-01	 6.625e-05	 3.915e-04	 2.197e-03	 1.807e-03	 5.163e-07	000000	 1.000e-30	 1.000e-30	 1.000e-30	 1.000e-30	 1.000e-30	 1.000e-30	 0.000e+00	2373.16	2.35284	4967.72	4730.5
120.000	878.663	-284.838	 8.604e-01	 1.351e-01	 6.625e-05	 3.915e-04	 2.197e-03	 1.807e-03	 5.163e-07	000000	 1.000e-30	 1.000e-30	 1.000e-30	 1.000e-30	 1.000e-30	 1.000e-30	 0.000e+00	2371.4	2.35284	4705.69	4477.96
110.000	854.831	-273.926	 8.604e-01	 1.351e-01	 6.625e-05	 3.915e-04	 2.197e-03	 1.807e-03	 5.163e-07	000000	 1.000e-30	 1.000e-30	 1.000e-30	 1.000e-30	 1.000e-30	 1.000e-30	 0.000e+00	2369.56	2.35284	4437.17	4219.23
100.000	829.327	-262.337	 8.604e-01	 1.351e-01	 6.625e-05	 3.915e-04	 2.197e-03	 1.807e-03	 5.163e-07	000000	 1.000e-30	 1.000e-30	 1.000e-30	 1.000e-30	 1.000e-30	 1.000e-30	 0.000e+00	2367.6	2.35284	4161.42	3953.62
 90.000	801.834	-249.959	 8.604e-01	 1.351e-01	 6.625e-05	 3.915e-04	 2.197e-03	 1.807e-03	 5.163e-07	000000	 1.000e-30	 1.000e-30	 1.000e-30	 1.000e-30	 1.000e-30	 1.000e-30	 0.000e+00	2365.53	2.35284	3877.52	3680.26
 80.000	771.930	-236.650	 8.604e-01	 1.351e-01	 6.625e-05	 3.915e-04	 2.197e-03	 1.807e-03	 5.163e-07	000000	 1.000e-30	 1.000e-30	 1.000e-30	 1.000e-30	 1.000e-30	 1.000e-30	 0.000e+00	2363.32	2.35284	3584.33	3398.07
 70.000	739.029	-222.222	 8.604e-01	 1.351e-01	 6.625e-05	 3.915e-04	 2.197e-03	 1.807e-03	 5.163e-07	000000	 1.000e-30	 1.000e-30	 1.000e-30	 1.000e-30	 1.000e-30	 1.000e-30	 0.000e+00	2360.94	2.35284	3280.42	3105.69
 60.000	702.280	-206.420	 8.604e-01	 1.351e-01	 6.625e-05	 3.915e-04	 2.197e-03	 1.807e-03	 5.163e-07	000000	 1.000e-30	 1.000e-30	 1.000e-30	 1.000e-30	 1.000e-30	 1.000e-30	 0.000e+00	2358.34	2.35284	2963.91	2801.31
 50.000	660.374	-188.882	 8.604e-01	 1.351e-01	 6.625e-05	 3.915e-04	 2.197e-03	 1.807e-03	 5.163e-07	000000	 1.000e-30	 1.000e-30	 1.000e-30	 1.000e-30	 1.000e-30	 1.000e-30	 0.000e+00	2355.47	2.35284	2632.29	2482.57
 40.000	611.118	-169.068	 8.604e-01	 1.351e-01	 6.625e-05	 3.915e-04	 2.197e-03	 1.807e-03	 5.163e-07	000000	 1.000e-30	 1.000e-30	 1.000e-30	 1.000e-30	 1.000e-30	 1.000e-30	 0.000e+00	2352.23	2.35284	2282.15	2146.13
 30.000	550.341	-146.116	 8.604e-01	 1.351e-01	 6.625e-05	 3.915e-04	 2.197e-03	 1.807e-03	 5.163e-07	000000	 1.000e-30	 1.000e-30	 1.000e-30	 1.000e-30	 1.000e-30	 1.000e-30	 0.000e+00	2348.47	2.35284	1908.75	1787.35
 20.000	468.242	-118.513	 8.604e-01	 1.351e-01	 6.625e-05	 3.915e-04	 2.197e-03	 1.807e-03	 5.163e-07	000000	 1.000e-30	 1.000e-30	 1.000e-30	 1.000e-30	 1.000e-30	 1.000e-30	 0.000e+00	2343.85	2.35284	1506.83	1400.49
 10.000	328.540	-83.215	 8.604e-01	 1.351e-01	 6.625e-05	 3.915e-04	 2.197e-03	 1.807e-03	 5.163e-07	000000	 1.000e-30	 1.000e-30	 1.000e-30	 1.000e-30	 1.000e-30	 1.000e-30	 0.000e+00	2337.47	2.35284	1096.56	998.006
  9.750	326.026	-81.973	 8.604e-01	 1.351e-01	 6.625e-05	 3.915e-04	 2.197e-03	 1.807e-03	 5.163e-07	000000	 1.000e-30	 1.000e-30	 1.000e-30	 1.000e-30	 1.000e-30	 1.000e-30	 0.000e+00	2337.33	2.35284	1077.96	980.557
  9.500	323.467	-80.710	 8.604e-01	 1.351e-01	 6.625e-05	 3.915e-04	 2.197e-03	 1.807e-03	 5.163e-07	000000	 1.000e-30	 1.000e-30	 1.000e-30	 1.000e-30	 1.000e-30	 1.000e-30	 0.000e+00	2337.19	2.35284	1059.22	962.975
  9.250	320.858	-79.422	 8.604e-01	 1.351e-01	 6.625e-05	 3.915e-04	 2.197e-03	 1.807e-03	 5.163e-07	000000	 1.000e-30	 1.000e-30	 1.000e-30	 1.000e-30	 1.000e-30	 1.000e-30	 0.000e+00	2337.05	2.35284	1040.33	945.256
  9.000	318.199	-78.111	 8.604e-01	 1.351e-01	 6.625e-05	 3.915e-04	 2.197e-03	 1.807e-03	 5.163e-07	000000	 1.000e-30	 1.000e-30	 1.000e-30	 1.000e-30	 1.000e-30	 1.000e-30	 0.000e+00	2336.91	2.35284	1021.28	927.394
  8.750	315.487	-76.775	 8.604e-01	 1.351e-01	 6.625e-05	 3.915e-04	 2.197e-03	 1.807e-03	 5.163e-07	000000	 1.000e-30	 1.000e-30	 1.000e-30	 1.000e-30	 1.000e-30	 1.000e-30	 0.000e+00	2336.76	2.35284	1002.06	909.385
  8.500	312.718	-75.412	 8.604e-01	 1.351e-01	 6.625e-05	 3.915e-04	 2.197e-03	 1.807e-03	 5.163e-07	000000	 1.000e-30	 1.000e-30	 1.000e-30	 1.000e-30	 1.000e-30	 1.000e-30	 0.000e+00	2336.61	2.35284	982.681	891.224
  8.250	309.881	-74.021	 8.604e-01	 1.351e-01	 6.625e-05	 3.915e-04	 2.197e-03	 1.807e-03	 5.163e-07	000000	 1.000e-30	 1.000e-30	 1.000e-30	 1.000e-30	 1.000e-30	 1.000e-30	 0.000e+00	2336.46	2.35284	963.153	872.931
  8.000	306.982	-72.600	 8.604e-01	 1.351e-01	 6.625e-05	 3.915e-04	 2.197e-03	 1.807e-03	 5.163e-07	000000	 1.000e-30	 1.000e-30	 1.000e-30	 1.000e-30	 1.000e-30	 1.000e-30	 0.000e+00	2336.31	2.35284	943.442	854.473
  7.750	304.016	-71.149	 8.604e-01	 1.351e-01	 6.625e-05	 3.915e-04	 2.197e-03	 1.807e-03	 5.163e-07	000000	 1.000e-30	 1.000e-30	 1.000e-30	 1.000e-30	 1.000e-30	 1.000e-30	 3.964e-04	2336.15	2.35284	923.542	835.845
  7.500	300.981	-69.666	 8.604e-01	 1.351e-01	 6.625e-05	 3.915e-04	 2.197e-03	 1.807e-03	 5.163e-07	000000	 1.000e-30	 1.000e-30	 1.000e-30	 1.000e-30	 1.000e-30	 1.000e-30	 3.426e-04	2335.99	2.35284	903.446	817.041
  7.250	297.870	-68.148	 8.604e-01	 1.351e-01	 6.625e-05	 3.915e-04	 2.197e-03	 1.807e-03	 5.163e-07	000000	 1.000e-30	 1.000e-30	 1.000e-30	 1.000e-30	 1.000e-30	 1.000e-30	 1.027e-04	2335.83	2.35284	883.147	798.054
  7.000	294.680	-66.594	 8.604e-01	 1.351e-01	 6.625e-05	 3.915e-04	 2.197e-03	 1.807e-03	 5.163e-07	000000	 1.000e-30	 1.000e-30	 1.000e-30	 1.000e-30	 1.000e-30	 1.000e-30	 8.324e-05	2335.67	2.35284	862.636	778.876
  6.750	291.405	-65.002	 8.604e-01	 1.351e-01	 6.625e-05	 3.915e-04	 2.197e-03	 1.807e-03	 5.163e-07	000000	 1.000e-30	 1.000e-30	 1.000e-30	 1.000e-30	 1.000e-30	 1.000e-30	 4.089e-05	2335.5	2.35284	841.904	759.5
  6.500	288.039	-63.369	 8.604e-01	 1.351e-01	 6.625e-05	 3.915e-04	 2.197e-03	 1.807e-03	 5.163e-07	000000	 1.000e-30	 1.000e-30	 1.000e-30	 1.000e-30	 1.000e-30	 1.000e-30	 3.124e-05	2335.33	2.35284	820.941	739.917
  6.250	285.156	-61.693	 8.605e-01	 1.351e-01	 6.642e-05	 3.899e-04	 2.156e-03	 1.807e-03	 5.163e-07	000001	 1.000e-30	 1.000e-30	 1.000e-30	 1.000e-30	 1.000e-30	 1.000e-30	 5.360e-06	2335.16	2.35216	796.746	718.685
  6.000	282.184	-59.966	 8.608e-01	 1.351e-01	 6.645e-05	 3.882e-04	 1.838e-03	 1.807e-03	 5.163e-07	000001	 1.000e-30	 1.000e-30	 1.000e-30	 1.000e-30	 1.000e-30	 1.000e-30	 3.542e-05	2335.01	2.34705	764.315	697.453
  5.750	279.050	-58.182	 8.611e-01	 1.351e-01	 6.645e-05	 3.863e-04	 1.552e-03	 1.807e-03	 5.163e-07	000001	 1.000e-30	 1.000e-30	 1.000e-30	 1.000e-30	 1.000e-30	 1.000e-30	 2.962e-05	2334.84	2.34244	733.089	676.117
  5.500	275.743	-56.338	 8.614e-01	 1.351e-01	 6.646e-05	 3.842e-04	 1.290e-03	 1.807e-03	 5.163e-07	000001	 1.000e-30	 1.000e-30	 1.000e-30	 1.000e-30	 1.000e-30	 1.000e-30	 2.507e-05	2334.67	2.33821	702.793	654.668
  5.250	272.343	-54.429	 8.616e-01	 1.351e-01	 6.646e-05	 3.842e-04	 1.043e-03	 1.807e-03	 5.163e-07	000002	 1.000e-30	 1.000e-30	 1.000e-30	 2.640e-05	 1.000e-30	 1.000e-30	 1.000e-30	2334.5	2.33427	672.937	632.884
  5.000	268.731	-52.450	 8.618e-01	 1.351e-01	 6.646e-05	 3.842e-04	 8.125e-04	 1.807e-03	 5.163e-07	000002	 1.000e-30	 1.000e-30	 1.000e-30	 2.159e-05	 1.000e-30	 1.000e-30	 1.000e-30	2334.31	2.33058	643.726	611.005
  4.750	264.886	-50.397	 8.620e-01	 1.351e-01	 6.646e-05	 3.842e-04	 6.171e-04	 1.807e-03	 5.163e-07	000002	 1.000e-30	 1.000e-30	 1.000e-30	 1.701e-05	 1.000e-30	 1.000e-30	 1.000e-30	2334.12	2.32745	615.626	589.008
  4.500	260.794	-48.263	 8.622e-01	 1.351e-01	 6.646e-05	 3.842e-04	 4.552e-04	 1.807e-03	 5.163e-07	000002	 1.000e-30	 1.000e-30	 1.000e-30	 1.302e-05	 1.000e-30	 1.000e-30	 1.000e-30	2333.92	2.32486	588.496	566.865
  4.250	256.440	-46.043	 8.623e-01	 1.351e-01	 6.646e-05	 3.842e-04	 3.248e-04	 1.807e-03	 5.163e-07	000002	 1.000e-30	 1.000e-30	 1.000e-30	 9.659e-06	 1.000e-30	 1.000e-30	 1.000e-30	2333.71	2.32278	562.187	544.541
  4.000	251.808	-43.729	 8.624e-01	 1.351e-01	 6.646e-05	 3.842e-04	 2.233e-04	 1.807e-03	 5.163e-07	000002	 1.000e-30	 1.000e-30	 1.000e-30	 6.907e-06	 1.000e-30	 1.000e-30	 1.000e-30	2333.5	2.32115	536.528	521.995
  3.750	246.881	-41.314	 8.625e-01	 1.351e-01	 6.646e-05	 3.842e-04	 1.470e-04	 1.807e-03	 5.163e-07	000002	 1.000e-30	 1.000e-30	 1.000e-30	 4.741e-06	 1.000e-30	 1.000e-30	 1.000e-30	2333.27	2.31993	511.335	499.18
  3.500	241.636	-38.786	 8.626e-01	 1.351e-01	 6.646e-05	 3.842e-04	 9.214e-05	 1.807e-03	 5.163e-07	000002	 1.000e-30	 1.000e-30	 1.000e-30	 3.106e-06	 1.000e-30	 1.000e-30	 1.000e-30	2333.04	2.31905	486.413	476.042
  3.250	236.047	-36.133	 8.626e-01	 1.351e-01	 6.646e-05	 3.842e-04	 5.451e-05	 1.807e-03	 5.163e-07	000002	 1.000e-30	 1.000e-30	 1.000e-30	 1.931e-06	 1.000e-30	 1.000e-30	 1.000e-30	2332.79	2.31845	461.569	452.525
  3.000	230.078	-33.342	 8.626e-01	 1.351e-01	 6.646e-05	 3.842e-04	 3.011e-05	 1.807e-03	 5.163e-07	000002	 1.000e-30	 1.000e-30	 1.000e-30	 1.129e-06	 1.000e-30	 1.000e-30	 1.000e-30	2332.54	2.31806	436.617	428.564
  2.750	223.682	-30.394	 8.626e-01	 1.351e-01	 6.646e-05	 3.842e-04	 1.532e-05	 1.807e-03	 5.163e-07	000002	 1.000e-30	 1.000e-30	 1.000e-30	 6.148e-07	 1.000e-30	 1.000e-30	 1.000e-30	2332.27	2.31782	411.382	404.09
  2.500	217.056	-27.266	 8.627e-01	 1.351e-01	 5.708e-05	 3.748e-04	 7.035e-06	 1.807e-03	 5.163e-07	000022	 5.310e-06	 1.000e-30	 1.000e-30	 2.933e-07	 1.000e-30	 1.000e-30	 1.000e-30	2332	2.31725	385.093	378.581
  2.250	209.854	-23.927	 8.627e-01	 1.351e-01	 1.296e-05	 3.660e-04	 2.941e-06	 1.807e-03	 5.163e-07	000022	 4.553e-06	 1.000e-30	 1.000e-30	 1.321e-07	 1.000e-30	 1.000e-30	 1.000e-30	2331.71	2.31564	358.037	352.438
  2.000	201.765	-20.336	 8.627e-01	 1.351e-01	 1.987e-06	 3.660e-04	 1.044e-06	 1.807e-03	 5.163e-07	000022	 1.161e-06	 1.000e-30	 1.000e-30	 5.569e-08	 1.000e-30	 1.000e-30	 1.000e-30	2331.4	2.31526	330.913	325.842
  1.750	192.743	-16.451	 8.627e-01	 1.351e-01	 1.881e-07	 3.660e-04	 2.875e-07	 1.807e-03	 5.163e-07	000022	 1.811e-07	 1.000e-30	 1.000e-30	 1.952e-08	 1.000e-30	 1.000e-30	 1.000e-30	2331.08	2.31519	303.079	298.459
  1.500	182.593	-12.209	 8.627e-01	 1.351e-01	 9.682e-09	 3.660e-04	 5.653e-08	 1.807e-03	 5.163e-07	000022	 1.689e-08	 1.000e-30	 1.000e-30	 5.269e-09	 1.000e-30	 1.000e-30	 1.000e-30	2330.74	2.31518	274.218	270.042
  1.250	170.942	 -7.520	 8.627e-01	 1.351e-01	 1.863e-10	 3.660e-04	 6.743e-09	 1.807e-03	 5.163e-07	000022	 8.530e-10	 1.000e-30	 1.000e-30	 1.015e-09	 1.000e-30	 1.000e-30	 1.000e-30	2330.38	2.31518	244.09	240.374
  1.000	164.936	 -5.228	 8.627e-01	 1.351e-01	 2.910e-11	 3.660e-04	 2.257e-09	 1.807e-03	 5.163e-07	000022	 1.388e-11	 1.000e-30	 1.000e-30	 1.024e-10	 1.000e-30	 1.000e-30	 1.000e-30	2330	2.31518	202.382	199.3
  0.794	151.200	  0.000	 8.628e-01	 1.351e-01	 1.000e-30	 2.526e-04	 9.410e-11	 1.807e-03	 5.163e-07	000222	 2.175e-12	 1.000e-30	 3.123e-06	 3.430e-11	 1.000e-30	 1.000e-30	 1.000e-30	2329.65	2.31347	174.913	172.714
  0.708	146.900	  2.536	 8.630e-01	 1.351e-01	 1.000e-30	 1.345e-04	 3.189e-11	 1.807e-03	 5.163e-07	000202	 1.000e-30	 1.000e-30	 1.320e-06	 8.939e-13	 1.000e-30	 1.000e-30	 1.000e-30	2329.49	2.3117	160.026	158.459
  0.631	142.400	  5.003	 8.630e-01	 1.351e-01	 1.000e-30	 6.577e-05	 9.465e-12	 1.807e-03	 5.163e-07	000202	 1.000e-30	 1.000e-30	 7.354e-07	 3.135e-13	 1.000e-30	 1.000e-30	 1.000e-30	2329.34	2.31067	146.9	145.701
  0.562	136.900	  7.395	 8.631e-01	 1.351e-01	 1.000e-30	 2.478e-05	 1.858e-12	 1.807e-03	 5.163e-07	000202	 1.000e-30	 1.000e-30	 4.602e-07	 1.167e-13	 1.000e-30	 1.000e-30	 1.000e-30	2329.21	2.31005	136.057	135.078
  0.501	132.500	  9.696	 8.631e-01	 1.351e-01	 1.000e-30	 1.085e-05	 4.662e-13	 1.807e-03	 5.163e-07	000202	 1.000e-30	 1.000e-30	 1.339e-07	 1.779e-14	 1.000e-30	 1.000e-30	 1.000e-30	2329.08	2.30984	125.249	124.389
  0.447	130.100	 11.923	 8.631e-01	 1.351e-01	 1.000e-30	 7.092e-06	 2.215e-13	 1.807e-03	 5.163e-07	000202	 1.000e-30	 1.000e-30	 2.683e-08	 2.140e-15	 1.000e-30	 1.000e-30	 1.000e-30	2328.94	2.30979	113.676	112.906
  0.398	127.200	 14.109	 8.631e-01	 1.351e-01	 1.000e-30	 4.026e-06	 8.431e-14	 1.807e-03	 5.163e-07	000202	 1.000e-30	 1.000e-30	 2.144e-08	 1.211e-15	 1.000e-30	 1.000e-30	 1.000e-30	2328.82	2.30974	103.618	102.924
  0.355	123.800	 16.248	 8.631e-01	 1.351e-01	 1.000e-30	 1.949e-06	 2.499e-14	 1.807e-03	 5.163e-07	000202	 1.000e-30	 1.000e-30	 1.438e-08	 5.343e-16	 1.000e-30	 1.000e-30	 1.000e-30	2328.71	2.30971	94.8798	94.2487
  0.316	121.200	 18.329	 8.631e-01	 1.351e-01	 1.000e-30	 1.112e-06	 9.639e-15	 1.807e-03	 5.163e-07	000202	 1.000e-30	 1.000e-30	 4.854e-09	 1.121e-16	 1.000e-30	 1.000e-30	 1.000e-30	2328.59	2.3097	86.3755	85.8027
  0.282	119.500	 20.366	 8.631e-01	 1.351e-01	 1.000e-30	 7.894e-07	 5.249e-15	 1.807e-03	 5.163e-07	000202	 1.000e-30	 1.000e-30	 1.510e-09	 2.467e-17	 1.000e-30	 1.000e-30	 1.000e-30	2328.48	2.30969	78.0768	77.5596
  0.251	117.400	 22.375	 8.631e-01	 1.351e-01	 1.000e-30	 4.935e-07	 2.343e-15	 1.807e-03	 5.163e-07	000202	 1.000e-30	 1.000e-30	 1.343e-09	 1.627e-17	 1.000e-30	 1.000e-30	 1.000e-30	2328.37	2.30969	70.8302	70.3615
  0.224	115.700	 24.349	 8.631e-01	 1.351e-01	 1.000e-30	 3.394e-07	 1.217e-15	 1.807e-03	 5.163e-07	000202	 1.000e-30	 1.000e-30	 6.006e-10	 5.308e-18	 1.000e-30	 1.000e-30	 1.000e-30	2328.26	2.30969	64.0538	63.6302
  0.200	114.100	 26.294	 8.631e-01	 1.351e-01	 1.000e-30	 2.370e-07	 6.480e-16	 1.807e-03	 5.163e-07	000202	 1.000e-30	 1.000e-30	 3.579e-10	 2.397e-18	 1.000e-30	 1.000e-30	 1.000e-30	2328.15	2.30968	57.8901	57.5074
  0.178	112.900	 28.213	 8.631e-01	 1.351e-01	 1.000e-30	 1.846e-07	 4.100e-16	 1.807e-03	 5.163e-07	000202	 1.000e-30	 1.000e-30	 1.546e-10	 8.279e-19	 1.000e-30	 1.000e-30	 1.000e-30	2328.04	2.30968	52.1425	51.7979
  0.158	111.700	 30.111	 8.631e-01	 1.351e-01	 1.000e-30	 1.427e-07	 2.563e-16	 1.807e-03	 5.163e-07	000202	 1.000e-30	 1.000e-30	 1.121e-10	 4.846e-19	 1.000e-30	 1.000e-30	 1.000e-30	2327.93	2.30968	46.971	46.6606
  0.141	110.900	 31.990	 8.631e-01	 1.351e-01	 1.000e-30	 1.243e-07	 1.934e-16	 1.807e-03	 5.163e-07	000202	 1.000e-30	 1.000e-30	 4.056e-11	 1.609e-19	 1.000e-30	 1.000e-30	 1.000e-30	2327.81	2.30968	42.1636	41.885
  0.126	111.400	 33.855	 8.631e-01	 1.351e-01	 1.000e-30	 1.243e-07	 1.934e-16	 1.807e-03	 5.163e-07	000000	 1.000e-30	 1.000e-30	 1.000e-30	 1.000e-30	 1.000e-30	 1.000e-30	 1.000e-30	2327.67	2.30968	37.4099	37.1627
  0.112	112.900	 35.729	 8.631e-01	 1.351e-01	 1.000e-30	 1.243e-07	 1.934e-16	 1.807e-03	 5.163e-07	000000	 1.000e-30	 1.000e-30	 1.000e-30	 1.000e-30	 1.000e-30	 1.000e-30	 1.000e-30	2327.51	2.30968	32.8988	32.6814
  0.100	113.500	 37.627	 8.631e-01	 1.351e-01	 1.000e-30	 1.243e-07	 1.934e-16	 1.807e-03	 5.163e-07	000000	 1.000e-30	 1.000e-30	 1.000e-30	 1.000e-30	 1.000e-30	 1.000e-30	 1.000e-30	2327.37	2.30968	29.1665	28.9738
  0.089	112.800	 39.536	 8.631e-01	 1.351e-01	 1.000e-30	 1.243e-07	 1.934e-16	 1.807e-03	 5.163e-07	000000	 1.000e-30	 1.000e-30	 1.000e-30	 1.000e-30	 1.000e-30	 1.000e-30	 1.000e-30	2327.25	2.30968	26.1574	25.9846
  0.079	113.700	 41.434	 8.631e-01	 1.351e-01	 1.000e-30	 1.243e-07	 1.934e-16	 1.807e-03	 5.163e-07	000000	 1.000e-30	 1.000e-30	 1.000e-30	 1.000e-30	 1.000e-30	 1.000e-30	 1.000e-30	2327.1	2.30968	23.1262	22.9734
  0.071	114.600	 43.348	 8.631e-01	 1.351e-01	 1.000e-30	 1.243e-07	 1.934e-16	 1.807e-03	 5.163e-07	000000	 1.000e-30	 1.000e-30	 1.000e-30	 1.000e-30	 1.000e-30	 1.000e-30	 1.000e-30	2326.94	2.30968	20.4488	20.3137
  0.063	115.400	 45.273	 8.631e-01	 1.351e-01	 1.000e-30	 1.243e-07	 1.934e-16	 1.807e-03	 5.163e-07	000000	 1.000e-30	 1.000e-30	 1.000e-30	 1.000e-30	 1.000e-30	 1.000e-30	 1.000e-30	2326.79	2.30968	18.1011	17.9815
  0.056	115.300	 47.217	 8.631e-01	 1.351e-01	 1.000e-30	 1.243e-07	 1.934e-16	 1.807e-03	 5.163e-07	000000	 1.000e-30	 1.000e-30	 1.000e-30	 1.000e-30	 1.000e-30	 1.000e-30	 1.000e-30	2326.66	2.30968	16.1443	16.0376
  0.050	114.600	 49.156	 8.631e-01	 1.351e-01	 1.000e-30	 1.243e-07	 1.934e-16	 1.807e-03	 5.163e-07	000000	 1.000e-30	 1.000e-30	 1.000e-30	 1.000e-30	 1.000e-30	 1.000e-30	 1.000e-30	2326.54	2.30968	14.4779	14.3823
  0.045	114.200	 51.084	 8.631e-01	 1.351e-01	 1.000e-30	 1.243e-07	 1.934e-16	 1.807e-03	 5.163e-07	000000	 1.000e-30	 1.000e-30	 1.000e-30	 1.000e-30	 1.000e-30	 1.000e-30	 1.000e-30	2326.42	2.30968	12.9488	12.8633
  0.040	113.000	 53.006	 8.631e-01	 1.351e-01	 1.000e-30	 1.243e-07	 1.934e-16	 1.807e-03	 5.163e-07	000000	 1.000e-30	 1.000e-30	 1.000e-30	 1.000e-30	 1.000e-30	 1.000e-30	 1.000e-30	2326.33	2.30968	11.6626	11.5855
  0.035	111.400	 54.908	 8.631e-01	 1.351e-01	 1.000e-30	 1.243e-07	 1.934e-16	 1.807e-03	 5.163e-07	000000	 1.000e-30	 1.000e-30	 1.000e-30	 1.000e-30	 1.000e-30	 1.000e-30	 1.000e-30	2326.25	2.30968	10.5434	10.4737
  0.032	111.700	 56.784	 8.631e-01	 1.351e-01	 1.000e-30	 1.243e-07	 1.934e-16	 1.807e-03	 5.163e-07	000000	 1.000e-30	 1.000e-30	 1.000e-30	 1.000e-30	 1.000e-30	 1.000e-30	 1.000e-30	2326.11	2.30968	9.37107	9.30915
  0.028	115.600	 58.664	 8.631e-01	 1.351e-01	 1.000e-30	 1.243e-07	 1.934e-16	 1.807e-03	 5.163e-07	000000	 1.000e-30	 1.000e-30	 1.000e-30	 1.000e-30	 1.000e-30	 1.000e-30	 1.000e-30	2325.84	2.30968	8.06982	8.01649
  0.025	116.600	 60.607	 8.631e-01	 1.351e-01	 1.000e-30	 1.243e-07	 1.934e-16	 1.807e-03	 5.163e-07	000000	 1.000e-30	 1.000e-30	 1.000e-30	 1.000e-30	 1.000e-30	 1.000e-30	 1.000e-30	2325.67	2.30968	7.13184	7.08471
  0.022	118.100	 62.568	 8.631e-01	 1.351e-01	 1.000e-30	 1.243e-07	 1.934e-16	 1.807e-03	 5.163e-07	000000	 1.000e-30	 1.000e-30	 1.000e-30	 1.000e-30	 1.000e-30	 1.000e-30	 1.000e-30	2325.48	2.30968	6.27603	6.23455
  0.020	119.900	 64.561	 8.631e-01	 1.351e-01	 1.000e-30	 1.243e-07	 1.934e-16	 1.807e-03	 5.163e-07	000000	 1.000e-30	 1.000e-30	 1.000e-30	 1.000e-30	 1.000e-30	 1.000e-30	 1.000e-30	2325.27	2.30968	5.50813	5.47173
  0.018	121.900	 66.580	 8.631e-01	 1.351e-01	 1.000e-30	 1.243e-07	 1.934e-16	 1.807e-03	 5.163e-07	000000	 1.000e-30	 1.000e-30	 1.000e-30	 1.000e-30	 1.000e-30	 1.000e-30	 1.000e-30	2325.05	2.30968	4.82846	4.79655
  0.016	124.900	 68.628	 8.631e-01	 1.351e-01	 1.000e-30	 1.243e-07	 1.934e-16	 1.807e-03	 5.163e-07	000000	 1.000e-30	 1.000e-30	 1.000e-30	 1.000e-30	 1.000e-30	 1.000e-30	 1.000e-30	2324.78	2.30968	4.20095	4.17319
  0.014	129.200	 70.727	 8.631e-01	 1.351e-01	 1.000e-30	 1.243e-07	 1.934e-16	 1.807e-03	 5.163e-07	000000	 1.000e-30	 1.000e-30	 1.000e-30	 1.000e-30	 1.000e-30	 1.000e-30	 1.000e-30	2324.45	2.30968	3.62043	3.59651
  0.013	133.500	 72.908	 8.631e-01	 1.351e-01	 1.000e-30	 1.243e-07	 1.934e-16	 1.807e-03	 5.163e-07	000000	 1.000e-30	 1.000e-30	 1.000e-30	 1.000e-30	 1.000e-30	 1.000e-30	 1.000e-30	2324.11	2.30968	3.12194	3.10131
  0.011	140.400	 75.158	 8.631e-01	 1.351e-01	 1.000e-30	 1.243e-07	 1.934e-16	 1.807e-03	 5.163e-07	000000	 1.000e-30	 1.000e-30	 1.000e-30	 1.000e-30	 1.000e-30	 1.000e-30	 1.000e-30	2323.65	2.30968	2.64549	2.62801
  0.010	147.000	 77.523	 8.631e-01	 1.351e-01	 1.000e-30	 1.243e-07	 1.934e-16	 1.807e-03	 5.163e-07	000000	 1.000e-30	 1.000e-30	 1.000e-30	 1.000e-30	 1.000e-30	 1.000e-30	 1.000e-30	2323.18	2.30968	2.25197	2.23709
  0.009	154.800	 80.005	 8.631e-01	 1.351e-01	 1.000e-30	 1.243e-07	 1.934e-16	 1.807e-03	 5.163e-07	000000	 1.000e-30	 1.000e-30	 1.000e-30	 1.000e-30	 1.000e-30	 1.000e-30	 1.000e-30	2322.64	2.30968	1.90541	1.89281
  0.008	159.500	 82.617	 8.631e-01	 1.351e-01	 1.000e-30	 1.243e-07	 1.934e-16	 1.807e-03	 5.163e-07	000000	 1.000e-30	 1.000e-30	 1.000e-30	 1.000e-30	 1.000e-30	 1.000e-30	 1.000e-30	2322.23	2.30968	1.64794	1.63705
  0.007	163.000	 85.295	 8.631e-01	 1.351e-01	 1.000e-30	 1.243e-07	 1.934e-16	 1.807e-03	 5.163e-07	000000	 1.000e-30	 1.000e-30	 1.000e-30	 1.000e-30	 1.000e-30	 1.000e-30	 1.000e-30	2321.87	2.30968	1.43789	1.42839
  0.006	165.900	 88.044	 8.631e-01	 1.351e-01	 1.000e-30	 1.243e-07	 1.934e-16	 1.807e-03	 5.163e-07	000000	 1.000e-30	 1.000e-30	 1.000e-30	 1.000e-30	 1.000e-30	 1.000e-30	 1.000e-30	2321.53	2.30968	1.25911	1.25079
  0.006	164.000	 90.857	 8.631e-01	 1.351e-01	 1.000e-30	 1.243e-07	 1.934e-16	 1.807e-03	 5.163e-07	000000	 1.000e-30	 1.000e-30	 1.000e-30	 1.000e-30	 1.000e-30	 1.000e-30	 1.000e-30	2321.43	2.30968	1.13442	1.12692
  0.005	160.500	 93.617	 8.631e-01	 1.351e-01	 1.000e-30	 1.243e-07	 1.934e-16	 1.807e-03	 5.163e-07	000000	 1.000e-30	 1.000e-30	 1.000e-30	 1.000e-30	 1.000e-30	 1.000e-30	 1.000e-30	2321.43	2.30968	1.03334	1.02651
  0.004	159.000	 96.300	 8.631e-01	 1.351e-01	 1.000e-30	 1.243e-07	 1.934e-16	 1.807e-03	 5.163e-07	000000	 1.000e-30	 1.000e-30	 1.000e-30	 1.000e-30	 1.000e-30	 1.000e-30	 1.000e-30	2321.33	2.30968	0.93066	0.92451
  0.004	161.400	 99.002	 8.631e-01	 1.351e-01	 1.000e-30	 1.243e-07	 1.934e-16	 1.807e-03	 5.163e-07	000000	 1.000e-30	 1.000e-30	 1.000e-30	 1.000e-30	 1.000e-30	 1.000e-30	 1.000e-30	2321.01	2.30968	0.816319	0.810925
  0.004	160.600	101.707	 8.631e-01	 1.351e-01	 1.000e-30	 1.243e-07	 1.934e-16	 1.807e-03	 5.163e-07	000000	 1.000e-30	 1.000e-30	 1.000e-30	 1.000e-30	 1.000e-30	 1.000e-30	 1.000e-30	2320.87	2.30968	0.731751	0.726916
  0.003	158.800	104.443	 8.631e-01	 1.351e-01	 1.000e-30	 1.243e-07	 1.934e-16	 1.807e-03	 5.163e-07	000000	 1.000e-30	 1.000e-30	 1.000e-30	 1.000e-30	 1.000e-30	 1.000e-30	 1.000e-30	2320.78	2.30968	0.658745	0.654392
  0.003	156.600	107.094	 8.631e-01	 1.351e-01	 1.000e-30	 1.243e-07	 1.934e-16	 1.807e-03	 5.163e-07	000000	 1.000e-30	 1.000e-30	 1.000e-30	 1.000e-30	 1.000e-30	 1.000e-30	 1.000e-30	2320.73	2.30968	0.596126	0.592187
  0.003	155.500	109.764	 8.631e-01	 1.351e-01	 1.000e-30	 1.243e-07	 1.934e-16	 1.807e-03	 5.163e-07	000000	 1.000e-30	 1.000e-30	 1.000e-30	 1.000e-30	 1.000e-30	 1.000e-30	 1.000e-30	2320.61	2.30968	0.534348	0.530817
  0.002	156.000	112.359	 8.631e-01	 1.351e-01	 1.000e-30	 1.243e-07	 1.934e-16	 1.807e-03	 5.163e-07	000000	 1.000e-30	 1.000e-30	 1.000e-30	 1.000e-30	 1.000e-30	 1.000e-30	 1.000e-30	2320.41	2.30968	0.47534	0.472199
  0.002	154.900	114.952	 8.631e-01	 1.351e-01	 1.000e-30	 1.243e-07	 1.934e-16	 1.807e-03	 5.163e-07	000000	 1.000e-30	 1.000e-30	 1.000e-30	 1.000e-30	 1.000e-30	 1.000e-30	 1.000e-30	2320.3	2.30968	0.427424	0.4246
  0.002	152.300	117.595	 8.631e-01	 1.351e-01	 1.000e-30	 1.243e-07	 1.934e-16	 1.807e-03	 5.163e-07	000000	 1.000e-30	 1.000e-30	 1.000e-30	 1.000e-30	 1.000e-30	 1.000e-30	 1.000e-30	2320.28	2.30968	0.386902	0.384345
  0.002	151.400	120.250	 8.631e-01	 1.351e-01	 1.000e-30	 1.243e-07	 1.934e-16	 1.807e-03	 5.163e-07	000000	 1.000e-30	 1.000e-30	 1.000e-30	 1.000e-30	 1.000e-30	 1.000e-30	 1.000e-30	2320.16	2.30968	0.345471	0.343188
  0.001	152.800	122.777	 8.631e-01	 1.351e-01	 1.000e-30	 1.243e-07	 1.934e-16	 1.807e-03	 5.163e-07	000000	 1.000e-30	 1.000e-30	 1.000e-30	 1.000e-30	 1.000e-30	 1.000e-30	 1.000e-30	2319.89	2.30968	0.305475	0.303457
  0.001	160.700	125.300	 8.631e-01	 1.351e-01	 1.000e-30	 1.243e-07	 1.934e-16	 1.807e-03	 5.163e-07	000000	 1.000e-30	 1.000e-30	 1.000e-30	 1.000e-30	 1.000e-30	 1.000e-30	 1.000e-30	2319.18	2.30968	0.259559	0.257843
  0.001	168.800	128.071	 8.631e-01	 1.351e-01	 1.000e-30	 1.243e-07	 1.934e-16	 1.807e-03	 5.163e-07	000000	 1.000e-30	 1.000e-30	 1.000e-30	 1.000e-30	 1.000e-30	 1.000e-30	 1.000e-30	2318.44	2.30968	0.219647	0.218196
  0.001	169.100	130.879	 8.631e-01	 1.351e-01	 1.000e-30	 1.243e-07	 1.934e-16	 1.807e-03	 5.163e-07	000000	 1.000e-30	 1.000e-30	 1.000e-30	 1.000e-30	 1.000e-30	 1.000e-30	 1.000e-30	2318.22	2.30968	0.195766	0.194472
